2024/08/10 03:40:24 [notice] 1#1: using the "epoll" event method
2024/08/10 03:40:24 [notice] 1#1: nginx/1.26.1
2024/08/10 03:40:24 [notice] 1#1: built by gcc 12.2.0 (Debian 12.2.0-14) 
2024/08/10 03:40:24 [notice] 1#1: OS: Linux 6.6.31-linuxkit
2024/08/10 03:40:24 [notice] 1#1: getrlimit(RLIMIT_NOFILE): 1048576:1048576
2024/08/10 03:40:24 [notice] 1#1: start worker processes
2024/08/10 03:40:24 [notice] 1#1: start worker process 29
2024/08/10 03:40:24 [notice] 1#1: start worker process 30
2024/08/10 03:40:24 [notice] 1#1: start worker process 31
2024/08/10 03:40:24 [notice] 1#1: start worker process 32
2024/08/10 03:40:24 [notice] 1#1: start worker process 33
2024/08/10 03:40:24 [notice] 1#1: start worker process 34
2024/08/10 03:40:24 [notice] 1#1: start worker process 35
2024/08/10 03:40:24 [notice] 1#1: start worker process 36
2024/08/10 03:40:58 [notice] 1#1: signal 3 (SIGQUIT) received, shutting down
2024/08/10 03:40:58 [notice] 30#30: gracefully shutting down
2024/08/10 03:40:58 [notice] 29#29: gracefully shutting down
2024/08/10 03:40:58 [notice] 34#34: gracefully shutting down
2024/08/10 03:40:58 [notice] 35#35: gracefully shutting down
2024/08/10 03:40:58 [notice] 36#36: gracefully shutting down
2024/08/10 03:40:58 [notice] 33#33: gracefully shutting down
2024/08/10 03:40:58 [notice] 31#31: gracefully shutting down
2024/08/10 03:40:58 [notice] 32#32: gracefully shutting down
2024/08/10 03:40:58 [notice] 30#30: exiting
2024/08/10 03:40:58 [notice] 29#29: exiting
2024/08/10 03:40:58 [notice] 34#34: exiting
2024/08/10 03:40:58 [notice] 36#36: exiting
2024/08/10 03:40:58 [notice] 35#35: exiting
2024/08/10 03:40:58 [notice] 33#33: exiting
2024/08/10 03:40:58 [notice] 31#31: exiting
2024/08/10 03:40:58 [notice] 32#32: exiting
2024/08/10 03:40:58 [notice] 30#30: exit
2024/08/10 03:40:58 [notice] 29#29: exit
2024/08/10 03:40:58 [notice] 34#34: exit
2024/08/10 03:40:58 [notice] 36#36: exit
2024/08/10 03:40:58 [notice] 35#35: exit
2024/08/10 03:40:58 [notice] 33#33: exit
2024/08/10 03:40:58 [notice] 31#31: exit
2024/08/10 03:40:58 [notice] 32#32: exit
2024/08/10 03:40:58 [notice] 1#1: signal 17 (SIGCHLD) received from 34
2024/08/10 03:40:58 [notice] 1#1: worker process 34 exited with code 0
2024/08/10 03:40:58 [notice] 1#1: signal 29 (SIGIO) received
2024/08/10 03:40:58 [notice] 1#1: signal 17 (SIGCHLD) received from 36
2024/08/10 03:40:58 [notice] 1#1: worker process 29 exited with code 0
2024/08/10 03:40:58 [notice] 1#1: worker process 30 exited with code 0
2024/08/10 03:40:58 [notice] 1#1: worker process 31 exited with code 0
2024/08/10 03:40:58 [notice] 1#1: worker process 32 exited with code 0
2024/08/10 03:40:58 [notice] 1#1: worker process 33 exited with code 0
2024/08/10 03:40:58 [notice] 1#1: worker process 35 exited with code 0
2024/08/10 03:40:58 [notice] 1#1: worker process 36 exited with code 0
2024/08/10 03:40:58 [notice] 1#1: exit
2024/08/10 03:45:27 [notice] 1#1: using the "epoll" event method
2024/08/10 03:45:27 [notice] 1#1: nginx/1.26.1
2024/08/10 03:45:27 [notice] 1#1: built by gcc 12.2.0 (Debian 12.2.0-14) 
2024/08/10 03:45:27 [notice] 1#1: OS: Linux 6.6.31-linuxkit
2024/08/10 03:45:27 [notice] 1#1: getrlimit(RLIMIT_NOFILE): 1048576:1048576
2024/08/10 03:45:27 [notice] 1#1: start worker processes
2024/08/10 03:45:27 [notice] 1#1: start worker process 20
2024/08/10 03:45:27 [notice] 1#1: start worker process 21
2024/08/10 03:45:27 [notice] 1#1: start worker process 22
2024/08/10 03:45:27 [notice] 1#1: start worker process 23
2024/08/10 03:45:27 [notice] 1#1: start worker process 24
2024/08/10 03:45:27 [notice] 1#1: start worker process 25
2024/08/10 03:45:27 [notice] 1#1: start worker process 26
2024/08/10 03:45:27 [notice] 1#1: start worker process 27
2024/08/10 03:54:44 [notice] 1#1: signal 3 (SIGQUIT) received, shutting down
2024/08/10 03:54:44 [notice] 21#21: gracefully shutting down
2024/08/10 03:54:44 [notice] 22#22: gracefully shutting down
2024/08/10 03:54:44 [notice] 27#27: gracefully shutting down
2024/08/10 03:54:44 [notice] 24#24: gracefully shutting down
2024/08/10 03:54:44 [notice] 23#23: gracefully shutting down
2024/08/10 03:54:44 [notice] 25#25: gracefully shutting down
2024/08/10 03:54:44 [notice] 20#20: gracefully shutting down
2024/08/10 03:54:44 [notice] 26#26: gracefully shutting down
2024/08/10 03:54:44 [notice] 21#21: exiting
2024/08/10 03:54:44 [notice] 22#22: exiting
2024/08/10 03:54:44 [notice] 27#27: exiting
2024/08/10 03:54:44 [notice] 24#24: exiting
2024/08/10 03:54:44 [notice] 23#23: exiting
2024/08/10 03:54:44 [notice] 25#25: exiting
2024/08/10 03:54:44 [notice] 20#20: exiting
2024/08/10 03:54:44 [notice] 26#26: exiting
2024/08/10 03:54:44 [notice] 21#21: exit
2024/08/10 03:54:44 [notice] 22#22: exit
2024/08/10 03:54:44 [notice] 27#27: exit
2024/08/10 03:54:44 [notice] 24#24: exit
2024/08/10 03:54:44 [notice] 23#23: exit
2024/08/10 03:54:44 [notice] 25#25: exit
2024/08/10 03:54:44 [notice] 20#20: exit
2024/08/10 03:54:44 [notice] 26#26: exit
2024/08/10 03:54:44 [notice] 1#1: signal 17 (SIGCHLD) received from 22
2024/08/10 03:54:44 [notice] 1#1: worker process 20 exited with code 0
2024/08/10 03:54:44 [notice] 1#1: worker process 21 exited with code 0
2024/08/10 03:54:44 [notice] 1#1: worker process 22 exited with code 0
2024/08/10 03:54:44 [notice] 1#1: worker process 23 exited with code 0
2024/08/10 03:54:44 [notice] 1#1: worker process 24 exited with code 0
2024/08/10 03:54:44 [notice] 1#1: worker process 25 exited with code 0
2024/08/10 03:54:44 [notice] 1#1: worker process 26 exited with code 0
2024/08/10 03:54:44 [notice] 1#1: worker process 27 exited with code 0
2024/08/10 03:54:44 [notice] 1#1: exit
2024/08/10 03:55:58 [notice] 1#1: using the "epoll" event method
2024/08/10 03:55:58 [notice] 1#1: nginx/1.26.1
2024/08/10 03:55:58 [notice] 1#1: built by gcc 12.2.0 (Debian 12.2.0-14) 
2024/08/10 03:55:58 [notice] 1#1: OS: Linux 6.6.31-linuxkit
2024/08/10 03:55:58 [notice] 1#1: getrlimit(RLIMIT_NOFILE): 1048576:1048576
2024/08/10 03:55:58 [notice] 1#1: start worker processes
2024/08/10 03:55:58 [notice] 1#1: start worker process 20
2024/08/10 03:55:58 [notice] 1#1: start worker process 21
2024/08/10 03:55:58 [notice] 1#1: start worker process 22
2024/08/10 03:55:58 [notice] 1#1: start worker process 23
2024/08/10 03:55:58 [notice] 1#1: start worker process 24
2024/08/10 03:55:58 [notice] 1#1: start worker process 25
2024/08/10 03:55:58 [notice] 1#1: start worker process 26
2024/08/10 03:55:58 [notice] 1#1: start worker process 27
2024/08/10 04:17:53 [notice] 1#1: signal 3 (SIGQUIT) received, shutting down
2024/08/10 04:17:53 [notice] 21#21: gracefully shutting down
2024/08/10 04:17:53 [notice] 20#20: gracefully shutting down
2024/08/10 04:17:53 [notice] 25#25: gracefully shutting down
2024/08/10 04:17:53 [notice] 24#24: gracefully shutting down
2024/08/10 04:17:53 [notice] 22#22: gracefully shutting down
2024/08/10 04:17:53 [notice] 27#27: gracefully shutting down
2024/08/10 04:17:53 [notice] 23#23: gracefully shutting down
2024/08/10 04:17:53 [notice] 27#27: exiting
2024/08/10 04:17:53 [notice] 26#26: gracefully shutting down
2024/08/10 04:17:53 [notice] 21#21: exiting
2024/08/10 04:17:53 [notice] 20#20: exiting
2024/08/10 04:17:53 [notice] 25#25: exiting
2024/08/10 04:17:53 [notice] 24#24: exiting
2024/08/10 04:17:53 [notice] 23#23: exiting
2024/08/10 04:17:53 [notice] 22#22: exiting
2024/08/10 04:17:53 [notice] 26#26: exiting
2024/08/10 04:17:53 [notice] 25#25: exit
2024/08/10 04:17:53 [notice] 20#20: exit
2024/08/10 04:17:53 [notice] 24#24: exit
2024/08/10 04:17:53 [notice] 26#26: exit
2024/08/10 04:17:53 [notice] 23#23: exit
2024/08/10 04:17:53 [notice] 21#21: exit
2024/08/10 04:17:53 [notice] 27#27: exit
2024/08/10 04:17:53 [notice] 22#22: exit
2024/08/10 04:17:53 [notice] 1#1: signal 17 (SIGCHLD) received from 23
2024/08/10 04:17:53 [notice] 1#1: worker process 23 exited with code 0
2024/08/10 04:17:53 [notice] 1#1: worker process 24 exited with code 0
2024/08/10 04:17:53 [notice] 1#1: worker process 26 exited with code 0
2024/08/10 04:17:53 [notice] 1#1: signal 29 (SIGIO) received
2024/08/10 04:17:53 [notice] 1#1: signal 17 (SIGCHLD) received from 27
2024/08/10 04:17:53 [notice] 1#1: worker process 20 exited with code 0
2024/08/10 04:17:53 [notice] 1#1: worker process 21 exited with code 0
2024/08/10 04:17:53 [notice] 1#1: worker process 22 exited with code 0
2024/08/10 04:17:53 [notice] 1#1: worker process 25 exited with code 0
2024/08/10 04:17:53 [notice] 1#1: worker process 27 exited with code 0
2024/08/10 04:17:53 [notice] 1#1: exit
2024/08/10 05:14:26 [notice] 1#1: using the "epoll" event method
2024/08/10 05:14:26 [notice] 1#1: nginx/1.26.1
2024/08/10 05:14:26 [notice] 1#1: built by gcc 12.2.0 (Debian 12.2.0-14) 
2024/08/10 05:14:26 [notice] 1#1: OS: Linux 6.6.31-linuxkit
2024/08/10 05:14:26 [notice] 1#1: getrlimit(RLIMIT_NOFILE): 1048576:1048576
2024/08/10 05:14:26 [notice] 1#1: start worker processes
2024/08/10 05:14:26 [notice] 1#1: start worker process 20
2024/08/10 05:14:26 [notice] 1#1: start worker process 21
2024/08/10 05:14:26 [notice] 1#1: start worker process 22
2024/08/10 05:14:26 [notice] 1#1: start worker process 23
2024/08/10 05:14:26 [notice] 1#1: start worker process 24
2024/08/10 05:14:26 [notice] 1#1: start worker process 25
2024/08/10 05:14:26 [notice] 1#1: start worker process 26
2024/08/10 05:14:26 [notice] 1#1: start worker process 27
2024/08/10 05:22:02 [notice] 1#1: signal 3 (SIGQUIT) received, shutting down
2024/08/10 05:22:02 [notice] 20#20: gracefully shutting down
2024/08/10 05:22:02 [notice] 21#21: gracefully shutting down
2024/08/10 05:22:02 [notice] 23#23: gracefully shutting down
2024/08/10 05:22:02 [notice] 24#24: gracefully shutting down
2024/08/10 05:22:02 [notice] 22#22: gracefully shutting down
2024/08/10 05:22:02 [notice] 25#25: gracefully shutting down
2024/08/10 05:22:02 [notice] 26#26: gracefully shutting down
2024/08/10 05:22:02 [notice] 27#27: gracefully shutting down
2024/08/10 05:22:02 [notice] 20#20: exiting
2024/08/10 05:22:02 [notice] 21#21: exiting
2024/08/10 05:22:02 [notice] 23#23: exiting
2024/08/10 05:22:02 [notice] 22#22: exiting
2024/08/10 05:22:02 [notice] 24#24: exiting
2024/08/10 05:22:02 [notice] 25#25: exiting
2024/08/10 05:22:02 [notice] 26#26: exiting
2024/08/10 05:22:02 [notice] 27#27: exiting
2024/08/10 05:22:02 [notice] 20#20: exit
2024/08/10 05:22:02 [notice] 26#26: exit
2024/08/10 05:22:02 [notice] 22#22: exit
2024/08/10 05:22:02 [notice] 25#25: exit
2024/08/10 05:22:02 [notice] 23#23: exit
2024/08/10 05:22:02 [notice] 21#21: exit
2024/08/10 05:22:02 [notice] 24#24: exit
2024/08/10 05:22:02 [notice] 27#27: exit
2024/08/10 05:22:02 [notice] 1#1: signal 17 (SIGCHLD) received from 23
2024/08/10 05:22:02 [notice] 1#1: worker process 23 exited with code 0
2024/08/10 05:22:02 [notice] 1#1: signal 29 (SIGIO) received
2024/08/10 05:22:02 [notice] 1#1: signal 17 (SIGCHLD) received from 25
2024/08/10 05:22:02 [notice] 1#1: worker process 20 exited with code 0
2024/08/10 05:22:02 [notice] 1#1: worker process 22 exited with code 0
2024/08/10 05:22:02 [notice] 1#1: worker process 25 exited with code 0
2024/08/10 05:22:02 [notice] 1#1: worker process 26 exited with code 0
2024/08/10 05:22:02 [notice] 1#1: signal 29 (SIGIO) received
2024/08/10 05:22:02 [notice] 1#1: signal 17 (SIGCHLD) received from 22
2024/08/10 05:22:02 [notice] 1#1: signal 17 (SIGCHLD) received from 21
2024/08/10 05:22:02 [notice] 1#1: worker process 21 exited with code 0
2024/08/10 05:22:02 [notice] 1#1: worker process 24 exited with code 0
2024/08/10 05:22:02 [notice] 1#1: worker process 27 exited with code 0
2024/08/10 05:22:02 [notice] 1#1: exit
2024/08/10 05:22:04 [notice] 1#1: using the "epoll" event method
2024/08/10 05:22:04 [notice] 1#1: nginx/1.26.1
2024/08/10 05:22:04 [notice] 1#1: built by gcc 12.2.0 (Debian 12.2.0-14) 
2024/08/10 05:22:04 [notice] 1#1: OS: Linux 6.6.31-linuxkit
2024/08/10 05:22:04 [notice] 1#1: getrlimit(RLIMIT_NOFILE): 1048576:1048576
2024/08/10 05:22:04 [notice] 1#1: start worker processes
2024/08/10 05:22:04 [notice] 1#1: start worker process 19
2024/08/10 05:22:04 [notice] 1#1: start worker process 20
2024/08/10 05:22:04 [notice] 1#1: start worker process 21
2024/08/10 05:22:04 [notice] 1#1: start worker process 22
2024/08/10 05:22:04 [notice] 1#1: start worker process 23
2024/08/10 05:22:04 [notice] 1#1: start worker process 24
2024/08/10 05:22:04 [notice] 1#1: start worker process 25
2024/08/10 05:22:04 [notice] 1#1: start worker process 26
2024/08/10 05:24:10 [notice] 1#1: signal 3 (SIGQUIT) received, shutting down
2024/08/10 05:24:10 [notice] 19#19: gracefully shutting down
2024/08/10 05:24:10 [notice] 26#26: gracefully shutting down
2024/08/10 05:24:10 [notice] 23#23: gracefully shutting down
2024/08/10 05:24:10 [notice] 20#20: gracefully shutting down
2024/08/10 05:24:10 [notice] 21#21: gracefully shutting down
2024/08/10 05:24:10 [notice] 22#22: gracefully shutting down
2024/08/10 05:24:10 [notice] 25#25: gracefully shutting down
2024/08/10 05:24:10 [notice] 24#24: gracefully shutting down
2024/08/10 05:24:10 [notice] 19#19: exiting
2024/08/10 05:24:10 [notice] 26#26: exiting
2024/08/10 05:24:10 [notice] 23#23: exiting
2024/08/10 05:24:10 [notice] 20#20: exiting
2024/08/10 05:24:10 [notice] 21#21: exiting
2024/08/10 05:24:10 [notice] 22#22: exiting
2024/08/10 05:24:10 [notice] 25#25: exiting
2024/08/10 05:24:10 [notice] 22#22: exit
2024/08/10 05:24:10 [notice] 24#24: exiting
2024/08/10 05:24:10 [notice] 19#19: exit
2024/08/10 05:24:10 [notice] 26#26: exit
2024/08/10 05:24:10 [notice] 23#23: exit
2024/08/10 05:24:10 [notice] 20#20: exit
2024/08/10 05:24:10 [notice] 21#21: exit
2024/08/10 05:24:10 [notice] 25#25: exit
2024/08/10 05:24:10 [notice] 24#24: exit
2024/08/10 05:24:10 [notice] 1#1: signal 17 (SIGCHLD) received from 22
2024/08/10 05:24:10 [notice] 1#1: worker process 19 exited with code 0
2024/08/10 05:24:10 [notice] 1#1: worker process 22 exited with code 0
2024/08/10 05:24:10 [notice] 1#1: worker process 26 exited with code 0
2024/08/10 05:24:10 [notice] 1#1: signal 29 (SIGIO) received
2024/08/10 05:24:10 [notice] 1#1: signal 17 (SIGCHLD) received from 26
2024/08/10 05:24:10 [notice] 1#1: signal 17 (SIGCHLD) received from 21
2024/08/10 05:24:10 [notice] 1#1: worker process 20 exited with code 0
2024/08/10 05:24:10 [notice] 1#1: worker process 21 exited with code 0
2024/08/10 05:24:10 [notice] 1#1: worker process 23 exited with code 0
2024/08/10 05:24:10 [notice] 1#1: worker process 24 exited with code 0
2024/08/10 05:24:10 [notice] 1#1: worker process 25 exited with code 0
2024/08/10 05:24:10 [notice] 1#1: exit
2024/08/10 05:24:13 [notice] 1#1: using the "epoll" event method
2024/08/10 05:24:13 [notice] 1#1: nginx/1.26.1
2024/08/10 05:24:13 [notice] 1#1: built by gcc 12.2.0 (Debian 12.2.0-14) 
2024/08/10 05:24:13 [notice] 1#1: OS: Linux 6.6.31-linuxkit
2024/08/10 05:24:13 [notice] 1#1: getrlimit(RLIMIT_NOFILE): 1048576:1048576
2024/08/10 05:24:13 [notice] 1#1: start worker processes
2024/08/10 05:24:13 [notice] 1#1: start worker process 20
2024/08/10 05:24:13 [notice] 1#1: start worker process 21
2024/08/10 05:24:13 [notice] 1#1: start worker process 22
2024/08/10 05:24:13 [notice] 1#1: start worker process 23
2024/08/10 05:24:13 [notice] 1#1: start worker process 24
2024/08/10 05:24:13 [notice] 1#1: start worker process 25
2024/08/10 05:24:13 [notice] 1#1: start worker process 26
2024/08/10 05:24:13 [notice] 1#1: start worker process 27
2024/08/10 05:25:06 [notice] 1#1: signal 3 (SIGQUIT) received, shutting down
2024/08/10 05:25:06 [notice] 21#21: gracefully shutting down
2024/08/10 05:25:06 [notice] 20#20: gracefully shutting down
2024/08/10 05:25:06 [notice] 24#24: gracefully shutting down
2024/08/10 05:25:06 [notice] 23#23: gracefully shutting down
2024/08/10 05:25:06 [notice] 26#26: gracefully shutting down
2024/08/10 05:25:06 [notice] 25#25: gracefully shutting down
2024/08/10 05:25:06 [notice] 22#22: gracefully shutting down
2024/08/10 05:25:06 [notice] 27#27: gracefully shutting down
2024/08/10 05:25:06 [notice] 21#21: exiting
2024/08/10 05:25:06 [notice] 20#20: exiting
2024/08/10 05:25:06 [notice] 24#24: exiting
2024/08/10 05:25:06 [notice] 23#23: exiting
2024/08/10 05:25:06 [notice] 26#26: exiting
2024/08/10 05:25:06 [notice] 25#25: exiting
2024/08/10 05:25:06 [notice] 22#22: exiting
2024/08/10 05:25:06 [notice] 27#27: exiting
2024/08/10 05:25:06 [notice] 21#21: exit
2024/08/10 05:25:06 [notice] 20#20: exit
2024/08/10 05:25:06 [notice] 23#23: exit
2024/08/10 05:25:06 [notice] 26#26: exit
2024/08/10 05:25:06 [notice] 24#24: exit
2024/08/10 05:25:06 [notice] 22#22: exit
2024/08/10 05:25:06 [notice] 25#25: exit
2024/08/10 05:25:06 [notice] 27#27: exit
2024/08/10 05:25:06 [notice] 1#1: signal 17 (SIGCHLD) received from 25
2024/08/10 05:25:06 [notice] 1#1: worker process 20 exited with code 0
2024/08/10 05:25:06 [notice] 1#1: worker process 24 exited with code 0
2024/08/10 05:25:06 [notice] 1#1: worker process 25 exited with code 0
2024/08/10 05:25:06 [notice] 1#1: worker process 26 exited with code 0
2024/08/10 05:25:06 [notice] 1#1: signal 29 (SIGIO) received
2024/08/10 05:25:06 [notice] 1#1: signal 17 (SIGCHLD) received from 26
2024/08/10 05:25:06 [notice] 1#1: signal 17 (SIGCHLD) received from 22
2024/08/10 05:25:06 [notice] 1#1: worker process 22 exited with code 0
2024/08/10 05:25:06 [notice] 1#1: worker process 23 exited with code 0
2024/08/10 05:25:06 [notice] 1#1: signal 29 (SIGIO) received
2024/08/10 05:25:06 [notice] 1#1: signal 17 (SIGCHLD) received from 23
2024/08/10 05:25:06 [notice] 1#1: signal 17 (SIGCHLD) received from 27
2024/08/10 05:25:06 [notice] 1#1: worker process 21 exited with code 0
2024/08/10 05:25:06 [notice] 1#1: worker process 27 exited with code 0
2024/08/10 05:25:06 [notice] 1#1: exit
2024/08/10 05:25:09 [notice] 1#1: using the "epoll" event method
2024/08/10 05:25:09 [notice] 1#1: nginx/1.26.1
2024/08/10 05:25:09 [notice] 1#1: built by gcc 12.2.0 (Debian 12.2.0-14) 
2024/08/10 05:25:09 [notice] 1#1: OS: Linux 6.6.31-linuxkit
2024/08/10 05:25:09 [notice] 1#1: getrlimit(RLIMIT_NOFILE): 1048576:1048576
2024/08/10 05:25:09 [notice] 1#1: start worker processes
2024/08/10 05:25:09 [notice] 1#1: start worker process 20
2024/08/10 05:25:09 [notice] 1#1: start worker process 21
2024/08/10 05:25:09 [notice] 1#1: start worker process 22
2024/08/10 05:25:09 [notice] 1#1: start worker process 23
2024/08/10 05:25:09 [notice] 1#1: start worker process 24
2024/08/10 05:25:09 [notice] 1#1: start worker process 25
2024/08/10 05:25:09 [notice] 1#1: start worker process 26
2024/08/10 05:25:09 [notice] 1#1: start worker process 27
2024/08/10 05:31:17 [notice] 1#1: signal 3 (SIGQUIT) received, shutting down
2024/08/10 05:31:17 [notice] 20#20: gracefully shutting down
2024/08/10 05:31:17 [notice] 23#23: gracefully shutting down
2024/08/10 05:31:17 [notice] 24#24: gracefully shutting down
2024/08/10 05:31:17 [notice] 22#22: gracefully shutting down
2024/08/10 05:31:17 [notice] 25#25: gracefully shutting down
2024/08/10 05:31:17 [notice] 21#21: gracefully shutting down
2024/08/10 05:31:17 [notice] 25#25: exiting
2024/08/10 05:31:17 [notice] 27#27: gracefully shutting down
2024/08/10 05:31:17 [notice] 26#26: gracefully shutting down
2024/08/10 05:31:17 [notice] 20#20: exiting
2024/08/10 05:31:17 [notice] 23#23: exiting
2024/08/10 05:31:17 [notice] 24#24: exiting
2024/08/10 05:31:17 [notice] 22#22: exiting
2024/08/10 05:31:17 [notice] 21#21: exiting
2024/08/10 05:31:17 [notice] 25#25: exit
2024/08/10 05:31:17 [notice] 27#27: exiting
2024/08/10 05:31:17 [notice] 26#26: exiting
2024/08/10 05:31:17 [notice] 20#20: exit
2024/08/10 05:31:17 [notice] 23#23: exit
2024/08/10 05:31:17 [notice] 24#24: exit
2024/08/10 05:31:17 [notice] 22#22: exit
2024/08/10 05:31:17 [notice] 21#21: exit
2024/08/10 05:31:17 [notice] 27#27: exit
2024/08/10 05:31:17 [notice] 26#26: exit
2024/08/10 05:31:17 [notice] 1#1: signal 17 (SIGCHLD) received from 26
2024/08/10 05:31:17 [notice] 1#1: worker process 20 exited with code 0
2024/08/10 05:31:17 [notice] 1#1: worker process 21 exited with code 0
2024/08/10 05:31:17 [notice] 1#1: worker process 22 exited with code 0
2024/08/10 05:31:17 [notice] 1#1: worker process 24 exited with code 0
2024/08/10 05:31:17 [notice] 1#1: worker process 25 exited with code 0
2024/08/10 05:31:17 [notice] 1#1: worker process 26 exited with code 0
2024/08/10 05:31:17 [notice] 1#1: worker process 27 exited with code 0
2024/08/10 05:31:17 [notice] 1#1: signal 29 (SIGIO) received
2024/08/10 05:31:17 [notice] 1#1: signal 17 (SIGCHLD) received from 27
2024/08/10 05:31:17 [notice] 1#1: signal 17 (SIGCHLD) received from 23
2024/08/10 05:31:17 [notice] 1#1: worker process 23 exited with code 0
2024/08/10 05:31:17 [notice] 1#1: exit
2024/08/10 05:31:20 [emerg] 1#1: invalid time value "http_500" in /etc/nginx/conf.d/vhost.conf:25
2024/08/10 05:33:09 [emerg] 1#1: invalid time value "http_500" in /etc/nginx/conf.d/default.conf:25
2024/08/10 05:33:52 [emerg] 1#1: invalid time value "$document_root$fastcgi_script_name" in /etc/nginx/conf.d/default.conf:25
2024/08/10 05:34:23 [emerg] 1#1: invalid time value "/etc/nginx/fastcgi_params" in /etc/nginx/conf.d/default.conf:25
2024/08/10 05:51:34 [notice] 1#1: using the "epoll" event method
2024/08/10 05:51:34 [notice] 1#1: nginx/1.26.1
2024/08/10 05:51:34 [notice] 1#1: built by gcc 12.2.0 (Debian 12.2.0-14) 
2024/08/10 05:51:34 [notice] 1#1: OS: Linux 6.6.31-linuxkit
2024/08/10 05:51:34 [notice] 1#1: getrlimit(RLIMIT_NOFILE): 1048576:1048576
2024/08/10 05:51:34 [notice] 1#1: start worker processes
2024/08/10 05:51:34 [notice] 1#1: start worker process 28
2024/08/10 05:51:34 [notice] 1#1: start worker process 29
2024/08/10 05:51:34 [notice] 1#1: start worker process 30
2024/08/10 05:51:34 [notice] 1#1: start worker process 31
2024/08/10 05:51:34 [notice] 1#1: start worker process 32
2024/08/10 05:51:34 [notice] 1#1: start worker process 33
2024/08/10 05:51:34 [notice] 1#1: start worker process 34
2024/08/10 05:51:34 [notice] 1#1: start worker process 35
2024/08/10 05:51:34 [notice] 1#1: start cache manager process 36
2024/08/10 05:51:34 [notice] 1#1: start cache loader process 37
2024/08/10 05:52:04 [error] 28#28: *1 directory index of "/usr/share/nginx/html/" is forbidden, client: 192.168.65.1, server: domain.com, request: "GET / HTTP/1.1", host: "localhost:8080"
2024/08/10 05:52:14 [error] 29#29: *2 directory index of "/usr/share/nginx/html/" is forbidden, client: 192.168.65.1, server: domain.com, request: "GET / HTTP/1.1", host: "localhost:8080"
2024/08/10 05:52:34 [notice] 37#37: http file cache: /var/cache/nginx 0.000M, bsize: 512
2024/08/10 05:52:34 [notice] 1#1: signal 17 (SIGCHLD) received from 37
2024/08/10 05:52:34 [notice] 1#1: cache loader process 37 exited with code 0
2024/08/10 05:52:34 [notice] 1#1: signal 29 (SIGIO) received
2024/08/10 06:28:04 [notice] 1#1: signal 3 (SIGQUIT) received, shutting down
2024/08/10 06:28:04 [notice] 28#28: gracefully shutting down
2024/08/10 06:28:04 [notice] 30#30: gracefully shutting down
2024/08/10 06:28:04 [notice] 36#36: exiting
2024/08/10 06:28:04 [notice] 28#28: exiting
2024/08/10 06:28:04 [notice] 32#32: gracefully shutting down
2024/08/10 06:28:04 [notice] 33#33: gracefully shutting down
2024/08/10 06:28:04 [notice] 35#35: gracefully shutting down
2024/08/10 06:28:04 [notice] 34#34: gracefully shutting down
2024/08/10 06:28:04 [notice] 29#29: gracefully shutting down
2024/08/10 06:28:04 [notice] 31#31: gracefully shutting down
2024/08/10 06:28:04 [notice] 30#30: exiting
2024/08/10 06:28:04 [notice] 28#28: exit
2024/08/10 06:28:04 [notice] 33#33: exiting
2024/08/10 06:28:04 [notice] 35#35: exiting
2024/08/10 06:28:04 [notice] 34#34: exiting
2024/08/10 06:28:04 [notice] 32#32: exiting
2024/08/10 06:28:04 [notice] 31#31: exiting
2024/08/10 06:28:04 [notice] 30#30: exit
2024/08/10 06:28:04 [notice] 33#33: exit
2024/08/10 06:28:04 [notice] 29#29: exiting
2024/08/10 06:28:04 [notice] 35#35: exit
2024/08/10 06:28:04 [notice] 34#34: exit
2024/08/10 06:28:04 [notice] 32#32: exit
2024/08/10 06:28:04 [notice] 31#31: exit
2024/08/10 06:28:04 [notice] 29#29: exit
2024/08/10 06:28:05 [notice] 1#1: signal 17 (SIGCHLD) received from 36
2024/08/10 06:28:05 [notice] 1#1: worker process 28 exited with code 0
2024/08/10 06:28:05 [notice] 1#1: worker process 30 exited with code 0
2024/08/10 06:28:05 [notice] 1#1: worker process 35 exited with code 0
2024/08/10 06:28:05 [notice] 1#1: cache manager process 36 exited with code 0
2024/08/10 06:28:05 [notice] 1#1: signal 29 (SIGIO) received
2024/08/10 06:28:05 [notice] 1#1: signal 17 (SIGCHLD) received from 35
2024/08/10 06:28:05 [notice] 1#1: signal 17 (SIGCHLD) received from 32
2024/08/10 06:28:05 [notice] 1#1: worker process 29 exited with code 0
2024/08/10 06:28:05 [notice] 1#1: worker process 31 exited with code 0
2024/08/10 06:28:05 [notice] 1#1: worker process 32 exited with code 0
2024/08/10 06:28:05 [notice] 1#1: worker process 33 exited with code 0
2024/08/10 06:28:05 [notice] 1#1: worker process 34 exited with code 0
2024/08/10 06:28:05 [notice] 1#1: exit
2024/08/10 06:28:09 [notice] 1#1: using the "epoll" event method
2024/08/10 06:28:09 [notice] 1#1: nginx/1.26.1
2024/08/10 06:28:09 [notice] 1#1: built by gcc 12.2.0 (Debian 12.2.0-14) 
2024/08/10 06:28:09 [notice] 1#1: OS: Linux 6.6.31-linuxkit
2024/08/10 06:28:09 [notice] 1#1: getrlimit(RLIMIT_NOFILE): 1048576:1048576
2024/08/10 06:28:09 [notice] 1#1: start worker processes
2024/08/10 06:28:09 [notice] 1#1: start worker process 28
2024/08/10 06:28:09 [notice] 1#1: start worker process 29
2024/08/10 06:28:09 [notice] 1#1: start worker process 30
2024/08/10 06:28:09 [notice] 1#1: start worker process 31
2024/08/10 06:28:09 [notice] 1#1: start worker process 32
2024/08/10 06:28:09 [notice] 1#1: start worker process 33
2024/08/10 06:28:09 [notice] 1#1: start worker process 34
2024/08/10 06:28:09 [notice] 1#1: start worker process 35
2024/08/10 06:28:09 [notice] 1#1: start cache manager process 36
2024/08/10 06:28:09 [notice] 1#1: start cache loader process 37
2024/08/10 06:28:33 [error] 28#28: *2 directory index of "/usr/share/nginx/html/" is forbidden, client: 192.168.65.1, server: domain.com, request: "GET / HTTP/1.1", host: "localhost:8080"
2024/08/10 06:29:09 [notice] 37#37: http file cache: /var/cache/nginx 0.000M, bsize: 512
2024/08/10 06:29:09 [notice] 1#1: signal 17 (SIGCHLD) received from 37
2024/08/10 06:29:09 [notice] 1#1: cache loader process 37 exited with code 0
2024/08/10 06:29:09 [notice] 1#1: signal 29 (SIGIO) received
2024/08/10 06:29:20 [notice] 1#1: signal 3 (SIGQUIT) received, shutting down
2024/08/10 06:29:20 [notice] 28#28: gracefully shutting down
2024/08/10 06:29:20 [notice] 34#34: gracefully shutting down
2024/08/10 06:29:20 [notice] 29#29: gracefully shutting down
2024/08/10 06:29:20 [notice] 33#33: gracefully shutting down
2024/08/10 06:29:20 [notice] 30#30: gracefully shutting down
2024/08/10 06:29:20 [notice] 35#35: gracefully shutting down
2024/08/10 06:29:20 [notice] 31#31: gracefully shutting down
2024/08/10 06:29:20 [notice] 32#32: gracefully shutting down
2024/08/10 06:29:20 [notice] 36#36: exiting
2024/08/10 06:29:20 [notice] 28#28: exiting
2024/08/10 06:29:20 [notice] 34#34: exiting
2024/08/10 06:29:20 [notice] 29#29: exiting
2024/08/10 06:29:20 [notice] 33#33: exiting
2024/08/10 06:29:20 [notice] 30#30: exiting
2024/08/10 06:29:20 [notice] 35#35: exiting
2024/08/10 06:29:20 [notice] 31#31: exiting
2024/08/10 06:29:20 [notice] 32#32: exiting
2024/08/10 06:29:20 [notice] 34#34: exit
2024/08/10 06:29:20 [notice] 32#32: exit
2024/08/10 06:29:20 [notice] 28#28: exit
2024/08/10 06:29:20 [notice] 29#29: exit
2024/08/10 06:29:20 [notice] 33#33: exit
2024/08/10 06:29:20 [notice] 30#30: exit
2024/08/10 06:29:20 [notice] 35#35: exit
2024/08/10 06:29:20 [notice] 31#31: exit
2024/08/10 06:29:20 [notice] 1#1: signal 17 (SIGCHLD) received from 36
2024/08/10 06:29:20 [notice] 1#1: worker process 28 exited with code 0
2024/08/10 06:29:20 [notice] 1#1: worker process 29 exited with code 0
2024/08/10 06:29:20 [notice] 1#1: worker process 30 exited with code 0
2024/08/10 06:29:20 [notice] 1#1: worker process 31 exited with code 0
2024/08/10 06:29:20 [notice] 1#1: worker process 32 exited with code 0
2024/08/10 06:29:20 [notice] 1#1: worker process 33 exited with code 0
2024/08/10 06:29:20 [notice] 1#1: worker process 34 exited with code 0
2024/08/10 06:29:20 [notice] 1#1: worker process 35 exited with code 0
2024/08/10 06:29:20 [notice] 1#1: cache manager process 36 exited with code 0
2024/08/10 06:29:20 [notice] 1#1: exit
2024/08/10 06:29:23 [notice] 1#1: using the "epoll" event method
2024/08/10 06:29:23 [notice] 1#1: nginx/1.26.1
2024/08/10 06:29:23 [notice] 1#1: built by gcc 12.2.0 (Debian 12.2.0-14) 
2024/08/10 06:29:23 [notice] 1#1: OS: Linux 6.6.31-linuxkit
2024/08/10 06:29:23 [notice] 1#1: getrlimit(RLIMIT_NOFILE): 1048576:1048576
2024/08/10 06:29:23 [notice] 1#1: start worker processes
2024/08/10 06:29:23 [notice] 1#1: start worker process 28
2024/08/10 06:29:23 [notice] 1#1: start worker process 29
2024/08/10 06:29:23 [notice] 1#1: start worker process 30
2024/08/10 06:29:23 [notice] 1#1: start worker process 31
2024/08/10 06:29:23 [notice] 1#1: start worker process 32
2024/08/10 06:29:23 [notice] 1#1: start worker process 33
2024/08/10 06:29:23 [notice] 1#1: start worker process 34
2024/08/10 06:29:23 [notice] 1#1: start worker process 35
2024/08/10 06:29:23 [notice] 1#1: start cache manager process 36
2024/08/10 06:29:23 [notice] 1#1: start cache loader process 37
2024/08/10 06:30:23 [notice] 37#37: http file cache: /var/cache/nginx 0.000M, bsize: 512
2024/08/10 06:30:23 [notice] 1#1: signal 17 (SIGCHLD) received from 37
2024/08/10 06:30:23 [notice] 1#1: cache loader process 37 exited with code 0
2024/08/10 06:30:23 [notice] 1#1: signal 29 (SIGIO) received
2024/08/10 06:30:35 [notice] 1#1: signal 3 (SIGQUIT) received, shutting down
2024/08/10 06:30:35 [notice] 28#28: gracefully shutting down
2024/08/10 06:30:35 [notice] 31#31: gracefully shutting down
2024/08/10 06:30:35 [notice] 30#30: gracefully shutting down
2024/08/10 06:30:35 [notice] 34#34: gracefully shutting down
2024/08/10 06:30:35 [notice] 32#32: gracefully shutting down
2024/08/10 06:30:35 [notice] 36#36: exiting
2024/08/10 06:30:35 [notice] 35#35: gracefully shutting down
2024/08/10 06:30:35 [notice] 29#29: gracefully shutting down
2024/08/10 06:30:35 [notice] 33#33: gracefully shutting down
2024/08/10 06:30:35 [notice] 29#29: exiting
2024/08/10 06:30:35 [notice] 28#28: exiting
2024/08/10 06:30:35 [notice] 33#33: exiting
2024/08/10 06:30:35 [notice] 31#31: exiting
2024/08/10 06:30:35 [notice] 34#34: exiting
2024/08/10 06:30:35 [notice] 30#30: exiting
2024/08/10 06:30:35 [notice] 32#32: exiting
2024/08/10 06:30:35 [notice] 35#35: exiting
2024/08/10 06:30:35 [notice] 30#30: exit
2024/08/10 06:30:35 [notice] 28#28: exit
2024/08/10 06:30:35 [notice] 33#33: exit
2024/08/10 06:30:35 [notice] 29#29: exit
2024/08/10 06:30:35 [notice] 31#31: exit
2024/08/10 06:30:35 [notice] 34#34: exit
2024/08/10 06:30:35 [notice] 32#32: exit
2024/08/10 06:30:35 [notice] 35#35: exit
2024/08/10 06:30:35 [notice] 1#1: signal 17 (SIGCHLD) received from 35
2024/08/10 06:30:35 [notice] 1#1: worker process 28 exited with code 0
2024/08/10 06:30:35 [notice] 1#1: worker process 29 exited with code 0
2024/08/10 06:30:35 [notice] 1#1: worker process 30 exited with code 0
2024/08/10 06:30:35 [notice] 1#1: worker process 31 exited with code 0
2024/08/10 06:30:35 [notice] 1#1: worker process 32 exited with code 0
2024/08/10 06:30:35 [notice] 1#1: worker process 33 exited with code 0
2024/08/10 06:30:35 [notice] 1#1: worker process 34 exited with code 0
2024/08/10 06:30:35 [notice] 1#1: worker process 35 exited with code 0
2024/08/10 06:30:35 [notice] 1#1: cache manager process 36 exited with code 0
2024/08/10 06:30:35 [notice] 1#1: exit
2024/08/10 06:30:38 [notice] 1#1: using the "epoll" event method
2024/08/10 06:30:38 [notice] 1#1: nginx/1.26.1
2024/08/10 06:30:38 [notice] 1#1: built by gcc 12.2.0 (Debian 12.2.0-14) 
2024/08/10 06:30:38 [notice] 1#1: OS: Linux 6.6.31-linuxkit
2024/08/10 06:30:38 [notice] 1#1: getrlimit(RLIMIT_NOFILE): 1048576:1048576
2024/08/10 06:30:38 [notice] 1#1: start worker processes
2024/08/10 06:30:38 [notice] 1#1: start worker process 28
2024/08/10 06:30:38 [notice] 1#1: start worker process 29
2024/08/10 06:30:38 [notice] 1#1: start worker process 30
2024/08/10 06:30:38 [notice] 1#1: start worker process 31
2024/08/10 06:30:38 [notice] 1#1: start worker process 32
2024/08/10 06:30:38 [notice] 1#1: start worker process 33
2024/08/10 06:30:38 [notice] 1#1: start worker process 34
2024/08/10 06:30:38 [notice] 1#1: start worker process 35
2024/08/10 06:30:38 [notice] 1#1: start cache manager process 36
2024/08/10 06:30:38 [notice] 1#1: start cache loader process 37
2024/08/10 06:30:40 [error] 28#28: *1 directory index of "/usr/share/nginx/html/" is forbidden, client: 192.168.65.1, server: domain.com, request: "GET / HTTP/1.1", host: "localhost:8080"
2024/08/10 06:31:38 [notice] 37#37: http file cache: /var/cache/nginx 0.000M, bsize: 512
2024/08/10 06:31:38 [notice] 1#1: signal 17 (SIGCHLD) received from 37
2024/08/10 06:31:38 [notice] 1#1: cache loader process 37 exited with code 0
2024/08/10 06:31:38 [notice] 1#1: signal 29 (SIGIO) received
2024/08/10 06:31:39 [notice] 1#1: signal 3 (SIGQUIT) received, shutting down
2024/08/10 06:31:39 [notice] 28#28: gracefully shutting down
2024/08/10 06:31:39 [notice] 30#30: gracefully shutting down
2024/08/10 06:31:39 [notice] 29#29: gracefully shutting down
2024/08/10 06:31:39 [notice] 33#33: gracefully shutting down
2024/08/10 06:31:39 [notice] 29#29: exiting
2024/08/10 06:31:39 [notice] 32#32: gracefully shutting down
2024/08/10 06:31:39 [notice] 36#36: exiting
2024/08/10 06:31:39 [notice] 34#34: gracefully shutting down
2024/08/10 06:31:39 [notice] 35#35: gracefully shutting down
2024/08/10 06:31:39 [notice] 31#31: gracefully shutting down
2024/08/10 06:31:39 [notice] 28#28: exiting
2024/08/10 06:31:39 [notice] 30#30: exiting
2024/08/10 06:31:39 [notice] 33#33: exiting
2024/08/10 06:31:39 [notice] 29#29: exit
2024/08/10 06:31:39 [notice] 32#32: exiting
2024/08/10 06:31:39 [notice] 34#34: exiting
2024/08/10 06:31:39 [notice] 35#35: exiting
2024/08/10 06:31:39 [notice] 31#31: exiting
2024/08/10 06:31:39 [notice] 28#28: exit
2024/08/10 06:31:39 [notice] 30#30: exit
2024/08/10 06:31:39 [notice] 33#33: exit
2024/08/10 06:31:39 [notice] 32#32: exit
2024/08/10 06:31:39 [notice] 34#34: exit
2024/08/10 06:31:39 [notice] 35#35: exit
2024/08/10 06:31:39 [notice] 31#31: exit
2024/08/10 06:31:39 [notice] 1#1: signal 17 (SIGCHLD) received from 30
2024/08/10 06:31:39 [notice] 1#1: worker process 30 exited with code 0
2024/08/10 06:31:39 [notice] 1#1: signal 29 (SIGIO) received
2024/08/10 06:31:39 [notice] 1#1: signal 17 (SIGCHLD) received from 36
2024/08/10 06:31:39 [notice] 1#1: worker process 28 exited with code 0
2024/08/10 06:31:39 [notice] 1#1: worker process 29 exited with code 0
2024/08/10 06:31:39 [notice] 1#1: worker process 33 exited with code 0
2024/08/10 06:31:39 [notice] 1#1: cache manager process 36 exited with code 0
2024/08/10 06:31:39 [notice] 1#1: signal 29 (SIGIO) received
2024/08/10 06:31:39 [notice] 1#1: signal 17 (SIGCHLD) received from 33
2024/08/10 06:31:39 [notice] 1#1: signal 17 (SIGCHLD) received from 34
2024/08/10 06:31:39 [notice] 1#1: worker process 31 exited with code 0
2024/08/10 06:31:39 [notice] 1#1: worker process 32 exited with code 0
2024/08/10 06:31:39 [notice] 1#1: worker process 34 exited with code 0
2024/08/10 06:31:39 [notice] 1#1: worker process 35 exited with code 0
2024/08/10 06:31:39 [notice] 1#1: exit
2024/08/10 06:31:41 [notice] 1#1: using the "epoll" event method
2024/08/10 06:31:41 [notice] 1#1: nginx/1.26.1
2024/08/10 06:31:41 [notice] 1#1: built by gcc 12.2.0 (Debian 12.2.0-14) 
2024/08/10 06:31:41 [notice] 1#1: OS: Linux 6.6.31-linuxkit
2024/08/10 06:31:41 [notice] 1#1: getrlimit(RLIMIT_NOFILE): 1048576:1048576
2024/08/10 06:31:41 [notice] 1#1: start worker processes
2024/08/10 06:31:41 [notice] 1#1: start worker process 27
2024/08/10 06:31:41 [notice] 1#1: start worker process 28
2024/08/10 06:31:41 [notice] 1#1: start worker process 29
2024/08/10 06:31:41 [notice] 1#1: start worker process 30
2024/08/10 06:31:41 [notice] 1#1: start worker process 31
2024/08/10 06:31:41 [notice] 1#1: start worker process 32
2024/08/10 06:31:41 [notice] 1#1: start worker process 33
2024/08/10 06:31:41 [notice] 1#1: start worker process 34
2024/08/10 06:31:41 [notice] 1#1: start cache manager process 35
2024/08/10 06:31:41 [notice] 1#1: start cache loader process 36
2024/08/10 06:32:42 [notice] 36#36: http file cache: /var/cache/nginx 0.000M, bsize: 512
2024/08/10 06:32:42 [notice] 1#1: signal 17 (SIGCHLD) received from 36
2024/08/10 06:32:42 [notice] 1#1: cache loader process 36 exited with code 0
2024/08/10 06:32:42 [notice] 1#1: signal 29 (SIGIO) received
2024/08/10 06:34:07 [notice] 1#1: signal 3 (SIGQUIT) received, shutting down
2024/08/10 06:34:07 [notice] 27#27: gracefully shutting down
2024/08/10 06:34:07 [notice] 30#30: gracefully shutting down
2024/08/10 06:34:07 [notice] 29#29: gracefully shutting down
2024/08/10 06:34:07 [notice] 31#31: gracefully shutting down
2024/08/10 06:34:07 [notice] 34#34: gracefully shutting down
2024/08/10 06:34:07 [notice] 33#33: gracefully shutting down
2024/08/10 06:34:07 [notice] 32#32: gracefully shutting down
2024/08/10 06:34:07 [notice] 35#35: exiting
2024/08/10 06:34:07 [notice] 28#28: gracefully shutting down
2024/08/10 06:34:07 [notice] 27#27: exiting
2024/08/10 06:34:07 [notice] 30#30: exiting
2024/08/10 06:34:07 [notice] 29#29: exiting
2024/08/10 06:34:07 [notice] 34#34: exiting
2024/08/10 06:34:07 [notice] 31#31: exiting
2024/08/10 06:34:07 [notice] 33#33: exiting
2024/08/10 06:34:07 [notice] 28#28: exiting
2024/08/10 06:34:07 [notice] 32#32: exiting
2024/08/10 06:34:07 [notice] 34#34: exit
2024/08/10 06:34:07 [notice] 27#27: exit
2024/08/10 06:34:07 [notice] 29#29: exit
2024/08/10 06:34:07 [notice] 30#30: exit
2024/08/10 06:34:07 [notice] 31#31: exit
2024/08/10 06:34:07 [notice] 33#33: exit
2024/08/10 06:34:07 [notice] 28#28: exit
2024/08/10 06:34:07 [notice] 32#32: exit
2024/08/10 06:34:07 [notice] 1#1: signal 17 (SIGCHLD) received from 34
2024/08/10 06:34:07 [notice] 1#1: worker process 34 exited with code 0
2024/08/10 06:34:07 [notice] 1#1: signal 29 (SIGIO) received
2024/08/10 06:34:07 [notice] 1#1: signal 17 (SIGCHLD) received from 35
2024/08/10 06:34:07 [notice] 1#1: worker process 27 exited with code 0
2024/08/10 06:34:07 [notice] 1#1: worker process 28 exited with code 0
2024/08/10 06:34:07 [notice] 1#1: worker process 29 exited with code 0
2024/08/10 06:34:07 [notice] 1#1: worker process 30 exited with code 0
2024/08/10 06:34:07 [notice] 1#1: worker process 31 exited with code 0
2024/08/10 06:34:07 [notice] 1#1: worker process 33 exited with code 0
2024/08/10 06:34:07 [notice] 1#1: cache manager process 35 exited with code 0
2024/08/10 06:34:07 [notice] 1#1: signal 29 (SIGIO) received
2024/08/10 06:34:07 [notice] 1#1: signal 17 (SIGCHLD) received from 27
2024/08/10 06:34:07 [notice] 1#1: signal 17 (SIGCHLD) received from 32
2024/08/10 06:34:07 [notice] 1#1: worker process 32 exited with code 0
2024/08/10 06:34:07 [notice] 1#1: exit
2024/08/10 06:34:11 [notice] 1#1: using the "epoll" event method
2024/08/10 06:34:11 [notice] 1#1: nginx/1.26.1
2024/08/10 06:34:11 [notice] 1#1: built by gcc 12.2.0 (Debian 12.2.0-14) 
2024/08/10 06:34:11 [notice] 1#1: OS: Linux 6.6.31-linuxkit
2024/08/10 06:34:11 [notice] 1#1: getrlimit(RLIMIT_NOFILE): 1048576:1048576
2024/08/10 06:34:11 [notice] 1#1: start worker processes
2024/08/10 06:34:11 [notice] 1#1: start worker process 28
2024/08/10 06:34:11 [notice] 1#1: start worker process 29
2024/08/10 06:34:11 [notice] 1#1: start worker process 30
2024/08/10 06:34:11 [notice] 1#1: start worker process 31
2024/08/10 06:34:11 [notice] 1#1: start worker process 32
2024/08/10 06:34:11 [notice] 1#1: start worker process 33
2024/08/10 06:34:11 [notice] 1#1: start worker process 34
2024/08/10 06:34:11 [notice] 1#1: start worker process 35
2024/08/10 06:34:11 [notice] 1#1: start cache manager process 36
2024/08/10 06:34:11 [notice] 1#1: start cache loader process 37
2024/08/10 06:35:11 [notice] 37#37: http file cache: /var/cache/nginx 0.000M, bsize: 512
2024/08/10 06:35:11 [notice] 1#1: signal 17 (SIGCHLD) received from 37
2024/08/10 06:35:11 [notice] 1#1: cache loader process 37 exited with code 0
2024/08/10 06:35:11 [notice] 1#1: signal 29 (SIGIO) received
2024/08/10 06:35:46 [notice] 1#1: signal 3 (SIGQUIT) received, shutting down
2024/08/10 06:35:46 [notice] 29#29: gracefully shutting down
2024/08/10 06:35:46 [notice] 34#34: gracefully shutting down
2024/08/10 06:35:46 [notice] 32#32: gracefully shutting down
2024/08/10 06:35:46 [notice] 28#28: gracefully shutting down
2024/08/10 06:35:46 [notice] 30#30: gracefully shutting down
2024/08/10 06:35:46 [notice] 33#33: gracefully shutting down
2024/08/10 06:35:46 [notice] 31#31: gracefully shutting down
2024/08/10 06:35:46 [notice] 35#35: gracefully shutting down
2024/08/10 06:35:46 [notice] 36#36: exiting
2024/08/10 06:35:46 [notice] 29#29: exiting
2024/08/10 06:35:46 [notice] 34#34: exiting
2024/08/10 06:35:46 [notice] 32#32: exiting
2024/08/10 06:35:46 [notice] 28#28: exiting
2024/08/10 06:35:46 [notice] 30#30: exiting
2024/08/10 06:35:46 [notice] 33#33: exiting
2024/08/10 06:35:46 [notice] 31#31: exiting
2024/08/10 06:35:46 [notice] 35#35: exiting
2024/08/10 06:35:46 [notice] 31#31: exit
2024/08/10 06:35:46 [notice] 29#29: exit
2024/08/10 06:35:46 [notice] 34#34: exit
2024/08/10 06:35:46 [notice] 32#32: exit
2024/08/10 06:35:46 [notice] 28#28: exit
2024/08/10 06:35:46 [notice] 30#30: exit
2024/08/10 06:35:46 [notice] 33#33: exit
2024/08/10 06:35:46 [notice] 35#35: exit
2024/08/10 06:35:46 [notice] 1#1: signal 17 (SIGCHLD) received from 32
2024/08/10 06:35:46 [notice] 1#1: worker process 28 exited with code 0
2024/08/10 06:35:46 [notice] 1#1: worker process 29 exited with code 0
2024/08/10 06:35:46 [notice] 1#1: worker process 30 exited with code 0
2024/08/10 06:35:46 [notice] 1#1: worker process 31 exited with code 0
2024/08/10 06:35:46 [notice] 1#1: worker process 32 exited with code 0
2024/08/10 06:35:46 [notice] 1#1: worker process 33 exited with code 0
2024/08/10 06:35:46 [notice] 1#1: worker process 34 exited with code 0
2024/08/10 06:35:46 [notice] 1#1: worker process 35 exited with code 0
2024/08/10 06:35:46 [notice] 1#1: cache manager process 36 exited with code 0
2024/08/10 06:35:46 [notice] 1#1: exit
2024/08/10 06:35:49 [notice] 1#1: using the "epoll" event method
2024/08/10 06:35:49 [notice] 1#1: nginx/1.26.1
2024/08/10 06:35:49 [notice] 1#1: built by gcc 12.2.0 (Debian 12.2.0-14) 
2024/08/10 06:35:49 [notice] 1#1: OS: Linux 6.6.31-linuxkit
2024/08/10 06:35:49 [notice] 1#1: getrlimit(RLIMIT_NOFILE): 1048576:1048576
2024/08/10 06:35:49 [notice] 1#1: start worker processes
2024/08/10 06:35:49 [notice] 1#1: start worker process 27
2024/08/10 06:35:49 [notice] 1#1: start worker process 28
2024/08/10 06:35:49 [notice] 1#1: start worker process 29
2024/08/10 06:35:49 [notice] 1#1: start worker process 30
2024/08/10 06:35:49 [notice] 1#1: start worker process 31
2024/08/10 06:35:49 [notice] 1#1: start worker process 32
2024/08/10 06:35:49 [notice] 1#1: start worker process 33
2024/08/10 06:35:49 [notice] 1#1: start worker process 34
2024/08/10 06:35:49 [notice] 1#1: start cache manager process 35
2024/08/10 06:35:49 [notice] 1#1: start cache loader process 36
2024/08/10 06:36:49 [notice] 36#36: http file cache: /var/cache/nginx 0.000M, bsize: 512
2024/08/10 06:36:49 [notice] 1#1: signal 17 (SIGCHLD) received from 36
2024/08/10 06:36:49 [notice] 1#1: cache loader process 36 exited with code 0
2024/08/10 06:36:49 [notice] 1#1: signal 29 (SIGIO) received
2024/08/10 06:39:28 [notice] 1#1: signal 3 (SIGQUIT) received, shutting down
2024/08/10 06:39:28 [notice] 29#29: gracefully shutting down
2024/08/10 06:39:28 [notice] 33#33: gracefully shutting down
2024/08/10 06:39:28 [notice] 28#28: gracefully shutting down
2024/08/10 06:39:28 [notice] 30#30: gracefully shutting down
2024/08/10 06:39:28 [notice] 35#35: exiting
2024/08/10 06:39:28 [notice] 31#31: gracefully shutting down
2024/08/10 06:39:28 [notice] 27#27: gracefully shutting down
2024/08/10 06:39:28 [notice] 32#32: gracefully shutting down
2024/08/10 06:39:28 [notice] 34#34: gracefully shutting down
2024/08/10 06:39:28 [notice] 29#29: exiting
2024/08/10 06:39:28 [notice] 33#33: exiting
2024/08/10 06:39:28 [notice] 28#28: exiting
2024/08/10 06:39:28 [notice] 30#30: exiting
2024/08/10 06:39:28 [notice] 31#31: exiting
2024/08/10 06:39:28 [notice] 27#27: exiting
2024/08/10 06:39:28 [notice] 32#32: exiting
2024/08/10 06:39:28 [notice] 34#34: exiting
2024/08/10 06:39:28 [notice] 33#33: exit
2024/08/10 06:39:28 [notice] 29#29: exit
2024/08/10 06:39:28 [notice] 28#28: exit
2024/08/10 06:39:28 [notice] 30#30: exit
2024/08/10 06:39:28 [notice] 31#31: exit
2024/08/10 06:39:28 [notice] 32#32: exit
2024/08/10 06:39:28 [notice] 27#27: exit
2024/08/10 06:39:28 [notice] 34#34: exit
2024/08/10 06:39:28 [notice] 1#1: signal 17 (SIGCHLD) received from 29
2024/08/10 06:39:28 [notice] 1#1: worker process 29 exited with code 0
2024/08/10 06:39:28 [notice] 1#1: worker process 28 exited with code 0
2024/08/10 06:39:28 [notice] 1#1: worker process 30 exited with code 0
2024/08/10 06:39:28 [notice] 1#1: worker process 31 exited with code 0
2024/08/10 06:39:28 [notice] 1#1: cache manager process 35 exited with code 0
2024/08/10 06:39:28 [notice] 1#1: worker process 32 exited with code 0
2024/08/10 06:39:28 [notice] 1#1: worker process 33 exited with code 0
2024/08/10 06:39:28 [notice] 1#1: worker process 34 exited with code 0
2024/08/10 06:39:28 [notice] 1#1: signal 29 (SIGIO) received
2024/08/10 06:39:28 [notice] 1#1: signal 17 (SIGCHLD) received from 35
2024/08/10 06:39:28 [notice] 1#1: signal 17 (SIGCHLD) received from 27
2024/08/10 06:39:28 [notice] 1#1: worker process 27 exited with code 0
2024/08/10 06:39:28 [notice] 1#1: exit
2024/08/10 06:39:31 [notice] 1#1: using the "epoll" event method
2024/08/10 06:39:31 [notice] 1#1: nginx/1.26.1
2024/08/10 06:39:31 [notice] 1#1: built by gcc 12.2.0 (Debian 12.2.0-14) 
2024/08/10 06:39:31 [notice] 1#1: OS: Linux 6.6.31-linuxkit
2024/08/10 06:39:31 [notice] 1#1: getrlimit(RLIMIT_NOFILE): 1048576:1048576
2024/08/10 06:39:31 [notice] 1#1: start worker processes
2024/08/10 06:39:31 [notice] 1#1: start worker process 28
2024/08/10 06:39:31 [notice] 1#1: start worker process 29
2024/08/10 06:39:31 [notice] 1#1: start worker process 30
2024/08/10 06:39:31 [notice] 1#1: start worker process 31
2024/08/10 06:39:31 [notice] 1#1: start worker process 32
2024/08/10 06:39:31 [notice] 1#1: start worker process 33
2024/08/10 06:39:31 [notice] 1#1: start worker process 34
2024/08/10 06:39:31 [notice] 1#1: start worker process 35
2024/08/10 06:39:31 [notice] 1#1: start cache manager process 36
2024/08/10 06:39:31 [notice] 1#1: start cache loader process 37
2024/08/10 06:40:16 [notice] 1#1: signal 3 (SIGQUIT) received, shutting down
2024/08/10 06:40:16 [notice] 28#28: gracefully shutting down
2024/08/10 06:40:16 [notice] 29#29: gracefully shutting down
2024/08/10 06:40:16 [notice] 31#31: gracefully shutting down
2024/08/10 06:40:16 [notice] 30#30: gracefully shutting down
2024/08/10 06:40:16 [notice] 31#31: exiting
2024/08/10 06:40:16 [notice] 33#33: gracefully shutting down
2024/08/10 06:40:16 [notice] 32#32: gracefully shutting down
2024/08/10 06:40:16 [notice] 37#37: exiting
2024/08/10 06:40:16 [notice] 36#36: exiting
2024/08/10 06:40:16 [notice] 35#35: gracefully shutting down
2024/08/10 06:40:16 [notice] 34#34: gracefully shutting down
2024/08/10 06:40:16 [notice] 28#28: exiting
2024/08/10 06:40:16 [notice] 29#29: exiting
2024/08/10 06:40:16 [notice] 30#30: exiting
2024/08/10 06:40:16 [notice] 33#33: exiting
2024/08/10 06:40:16 [notice] 31#31: exit
2024/08/10 06:40:16 [notice] 32#32: exiting
2024/08/10 06:40:16 [notice] 35#35: exiting
2024/08/10 06:40:16 [notice] 34#34: exiting
2024/08/10 06:40:16 [notice] 28#28: exit
2024/08/10 06:40:16 [notice] 29#29: exit
2024/08/10 06:40:16 [notice] 30#30: exit
2024/08/10 06:40:16 [notice] 33#33: exit
2024/08/10 06:40:16 [notice] 32#32: exit
2024/08/10 06:40:16 [notice] 35#35: exit
2024/08/10 06:40:16 [notice] 34#34: exit
2024/08/10 06:40:16 [notice] 1#1: signal 17 (SIGCHLD) received from 36
2024/08/10 06:40:16 [notice] 1#1: worker process 29 exited with code 0
2024/08/10 06:40:16 [notice] 1#1: worker process 30 exited with code 0
2024/08/10 06:40:16 [notice] 1#1: worker process 35 exited with code 0
2024/08/10 06:40:16 [notice] 1#1: cache manager process 36 exited with code 0
2024/08/10 06:40:16 [notice] 1#1: cache loader process 37 exited with code 0
2024/08/10 06:40:16 [notice] 1#1: signal 29 (SIGIO) received
2024/08/10 06:40:16 [notice] 1#1: signal 17 (SIGCHLD) received from 37
2024/08/10 06:40:16 [notice] 1#1: signal 17 (SIGCHLD) received from 33
2024/08/10 06:40:16 [notice] 1#1: worker process 33 exited with code 0
2024/08/10 06:40:16 [notice] 1#1: signal 29 (SIGIO) received
2024/08/10 06:40:16 [notice] 1#1: signal 17 (SIGCHLD) received from 32
2024/08/10 06:40:16 [notice] 1#1: worker process 32 exited with code 0
2024/08/10 06:40:16 [notice] 1#1: worker process 34 exited with code 0
2024/08/10 06:40:16 [notice] 1#1: worker process 28 exited with code 0
2024/08/10 06:40:16 [notice] 1#1: worker process 31 exited with code 0
2024/08/10 06:40:16 [notice] 1#1: exit
2024/08/10 06:40:18 [notice] 1#1: using the "epoll" event method
2024/08/10 06:40:18 [notice] 1#1: nginx/1.26.1
2024/08/10 06:40:18 [notice] 1#1: built by gcc 12.2.0 (Debian 12.2.0-14) 
2024/08/10 06:40:18 [notice] 1#1: OS: Linux 6.6.31-linuxkit
2024/08/10 06:40:18 [notice] 1#1: getrlimit(RLIMIT_NOFILE): 1048576:1048576
2024/08/10 06:40:18 [notice] 1#1: start worker processes
2024/08/10 06:40:18 [notice] 1#1: start worker process 27
2024/08/10 06:40:18 [notice] 1#1: start worker process 28
2024/08/10 06:40:18 [notice] 1#1: start worker process 29
2024/08/10 06:40:18 [notice] 1#1: start worker process 30
2024/08/10 06:40:18 [notice] 1#1: start worker process 31
2024/08/10 06:40:18 [notice] 1#1: start worker process 32
2024/08/10 06:40:18 [notice] 1#1: start worker process 33
2024/08/10 06:40:18 [notice] 1#1: start worker process 34
2024/08/10 06:40:18 [notice] 1#1: start cache manager process 35
2024/08/10 06:40:18 [notice] 1#1: start cache loader process 36
2024/08/10 06:40:28 [notice] 1#1: signal 3 (SIGQUIT) received, shutting down
2024/08/10 06:40:28 [notice] 27#27: gracefully shutting down
2024/08/10 06:40:28 [notice] 28#28: gracefully shutting down
2024/08/10 06:40:28 [notice] 29#29: gracefully shutting down
2024/08/10 06:40:28 [notice] 30#30: gracefully shutting down
2024/08/10 06:40:28 [notice] 30#30: exiting
2024/08/10 06:40:28 [notice] 31#31: gracefully shutting down
2024/08/10 06:40:28 [notice] 34#34: gracefully shutting down
2024/08/10 06:40:28 [notice] 35#35: exiting
2024/08/10 06:40:28 [notice] 32#32: gracefully shutting down
2024/08/10 06:40:28 [notice] 36#36: exiting
2024/08/10 06:40:28 [notice] 33#33: gracefully shutting down
2024/08/10 06:40:28 [notice] 27#27: exiting
2024/08/10 06:40:28 [notice] 28#28: exiting
2024/08/10 06:40:28 [notice] 29#29: exiting
2024/08/10 06:40:28 [notice] 30#30: exit
2024/08/10 06:40:28 [notice] 31#31: exiting
2024/08/10 06:40:28 [notice] 34#34: exiting
2024/08/10 06:40:28 [notice] 32#32: exiting
2024/08/10 06:40:28 [notice] 33#33: exiting
2024/08/10 06:40:28 [notice] 27#27: exit
2024/08/10 06:40:28 [notice] 28#28: exit
2024/08/10 06:40:28 [notice] 29#29: exit
2024/08/10 06:40:28 [notice] 31#31: exit
2024/08/10 06:40:28 [notice] 34#34: exit
2024/08/10 06:40:28 [notice] 32#32: exit
2024/08/10 06:40:28 [notice] 33#33: exit
2024/08/10 06:40:28 [notice] 1#1: signal 17 (SIGCHLD) received from 29
2024/08/10 06:40:28 [notice] 1#1: worker process 29 exited with code 0
2024/08/10 06:40:28 [notice] 1#1: worker process 32 exited with code 0
2024/08/10 06:40:28 [notice] 1#1: signal 29 (SIGIO) received
2024/08/10 06:40:28 [notice] 1#1: signal 17 (SIGCHLD) received from 35
2024/08/10 06:40:28 [notice] 1#1: worker process 27 exited with code 0
2024/08/10 06:40:28 [notice] 1#1: worker process 30 exited with code 0
2024/08/10 06:40:28 [notice] 1#1: worker process 31 exited with code 0
2024/08/10 06:40:28 [notice] 1#1: worker process 33 exited with code 0
2024/08/10 06:40:28 [notice] 1#1: worker process 34 exited with code 0
2024/08/10 06:40:28 [notice] 1#1: cache manager process 35 exited with code 0
2024/08/10 06:40:28 [notice] 1#1: cache loader process 36 exited with code 0
2024/08/10 06:40:28 [notice] 1#1: signal 29 (SIGIO) received
2024/08/10 06:40:28 [notice] 1#1: signal 17 (SIGCHLD) received from 34
2024/08/10 06:40:28 [notice] 1#1: signal 17 (SIGCHLD) received from 28
2024/08/10 06:40:28 [notice] 1#1: worker process 28 exited with code 0
2024/08/10 06:40:28 [notice] 1#1: exit
2024/08/10 06:40:31 [notice] 1#1: using the "epoll" event method
2024/08/10 06:40:31 [notice] 1#1: nginx/1.26.1
2024/08/10 06:40:31 [notice] 1#1: built by gcc 12.2.0 (Debian 12.2.0-14) 
2024/08/10 06:40:31 [notice] 1#1: OS: Linux 6.6.31-linuxkit
2024/08/10 06:40:31 [notice] 1#1: getrlimit(RLIMIT_NOFILE): 1048576:1048576
2024/08/10 06:40:31 [notice] 1#1: start worker processes
2024/08/10 06:40:31 [notice] 1#1: start worker process 28
2024/08/10 06:40:31 [notice] 1#1: start worker process 29
2024/08/10 06:40:31 [notice] 1#1: start worker process 30
2024/08/10 06:40:31 [notice] 1#1: start worker process 31
2024/08/10 06:40:31 [notice] 1#1: start worker process 32
2024/08/10 06:40:31 [notice] 1#1: start worker process 33
2024/08/10 06:40:31 [notice] 1#1: start worker process 34
2024/08/10 06:40:31 [notice] 1#1: start worker process 35
2024/08/10 06:40:31 [notice] 1#1: start cache manager process 36
2024/08/10 06:40:31 [notice] 1#1: start cache loader process 37
2024/08/10 06:41:31 [notice] 37#37: http file cache: /var/cache/nginx 0.000M, bsize: 512
2024/08/10 06:41:31 [notice] 1#1: signal 17 (SIGCHLD) received from 37
2024/08/10 06:41:31 [notice] 1#1: cache loader process 37 exited with code 0
2024/08/10 06:41:31 [notice] 1#1: signal 29 (SIGIO) received
2024/08/10 06:43:19 [notice] 1#1: signal 3 (SIGQUIT) received, shutting down
2024/08/10 06:43:19 [notice] 28#28: gracefully shutting down
2024/08/10 06:43:19 [notice] 29#29: gracefully shutting down
2024/08/10 06:43:19 [notice] 30#30: gracefully shutting down
2024/08/10 06:43:19 [notice] 36#36: exiting
2024/08/10 06:43:19 [notice] 31#31: gracefully shutting down
2024/08/10 06:43:19 [notice] 33#33: gracefully shutting down
2024/08/10 06:43:19 [notice] 35#35: gracefully shutting down
2024/08/10 06:43:19 [notice] 32#32: gracefully shutting down
2024/08/10 06:43:19 [notice] 34#34: gracefully shutting down
2024/08/10 06:43:19 [notice] 28#28: exiting
2024/08/10 06:43:19 [notice] 29#29: exiting
2024/08/10 06:43:19 [notice] 28#28: exit
2024/08/10 06:43:19 [notice] 30#30: exiting
2024/08/10 06:43:19 [notice] 31#31: exiting
2024/08/10 06:43:19 [notice] 33#33: exiting
2024/08/10 06:43:19 [notice] 35#35: exiting
2024/08/10 06:43:19 [notice] 32#32: exiting
2024/08/10 06:43:19 [notice] 34#34: exiting
2024/08/10 06:43:19 [notice] 29#29: exit
2024/08/10 06:43:19 [notice] 31#31: exit
2024/08/10 06:43:19 [notice] 30#30: exit
2024/08/10 06:43:19 [notice] 33#33: exit
2024/08/10 06:43:19 [notice] 35#35: exit
2024/08/10 06:43:19 [notice] 32#32: exit
2024/08/10 06:43:19 [notice] 34#34: exit
2024/08/10 06:43:19 [notice] 1#1: signal 17 (SIGCHLD) received from 30
2024/08/10 06:43:19 [notice] 1#1: worker process 29 exited with code 0
2024/08/10 06:43:19 [notice] 1#1: worker process 30 exited with code 0
2024/08/10 06:43:19 [notice] 1#1: worker process 35 exited with code 0
2024/08/10 06:43:19 [notice] 1#1: signal 29 (SIGIO) received
2024/08/10 06:43:19 [notice] 1#1: signal 17 (SIGCHLD) received from 35
2024/08/10 06:43:19 [notice] 1#1: signal 17 (SIGCHLD) received from 34
2024/08/10 06:43:19 [notice] 1#1: worker process 28 exited with code 0
2024/08/10 06:43:19 [notice] 1#1: worker process 31 exited with code 0
2024/08/10 06:43:19 [notice] 1#1: worker process 32 exited with code 0
2024/08/10 06:43:19 [notice] 1#1: worker process 33 exited with code 0
2024/08/10 06:43:19 [notice] 1#1: worker process 34 exited with code 0
2024/08/10 06:43:19 [notice] 1#1: cache manager process 36 exited with code 0
2024/08/10 06:43:19 [notice] 1#1: exit
2024/08/10 06:43:21 [notice] 1#1: using the "epoll" event method
2024/08/10 06:43:21 [notice] 1#1: nginx/1.26.1
2024/08/10 06:43:21 [notice] 1#1: built by gcc 12.2.0 (Debian 12.2.0-14) 
2024/08/10 06:43:21 [notice] 1#1: OS: Linux 6.6.31-linuxkit
2024/08/10 06:43:21 [notice] 1#1: getrlimit(RLIMIT_NOFILE): 1048576:1048576
2024/08/10 06:43:21 [notice] 1#1: start worker processes
2024/08/10 06:43:21 [notice] 1#1: start worker process 27
2024/08/10 06:43:21 [notice] 1#1: start worker process 28
2024/08/10 06:43:21 [notice] 1#1: start worker process 29
2024/08/10 06:43:21 [notice] 1#1: start worker process 30
2024/08/10 06:43:21 [notice] 1#1: start worker process 31
2024/08/10 06:43:21 [notice] 1#1: start worker process 32
2024/08/10 06:43:21 [notice] 1#1: start worker process 33
2024/08/10 06:43:21 [notice] 1#1: start worker process 34
2024/08/10 06:43:21 [notice] 1#1: start cache manager process 35
2024/08/10 06:43:21 [notice] 1#1: start cache loader process 36
2024/08/10 06:44:21 [notice] 36#36: http file cache: /var/cache/nginx 0.000M, bsize: 512
2024/08/10 06:44:21 [notice] 1#1: signal 17 (SIGCHLD) received from 36
2024/08/10 06:44:21 [notice] 1#1: cache loader process 36 exited with code 0
2024/08/10 06:44:21 [notice] 1#1: signal 29 (SIGIO) received
2024/08/10 06:50:59 [notice] 1#1: signal 3 (SIGQUIT) received, shutting down
2024/08/10 06:50:59 [notice] 27#27: gracefully shutting down
2024/08/10 06:50:59 [notice] 28#28: gracefully shutting down
2024/08/10 06:50:59 [notice] 34#34: gracefully shutting down
2024/08/10 06:50:59 [notice] 35#35: exiting
2024/08/10 06:50:59 [notice] 31#31: gracefully shutting down
2024/08/10 06:50:59 [notice] 30#30: gracefully shutting down
2024/08/10 06:50:59 [notice] 33#33: gracefully shutting down
2024/08/10 06:50:59 [notice] 29#29: gracefully shutting down
2024/08/10 06:50:59 [notice] 32#32: gracefully shutting down
2024/08/10 06:50:59 [notice] 27#27: exiting
2024/08/10 06:50:59 [notice] 28#28: exiting
2024/08/10 06:50:59 [notice] 34#34: exiting
2024/08/10 06:50:59 [notice] 31#31: exiting
2024/08/10 06:50:59 [notice] 30#30: exiting
2024/08/10 06:50:59 [notice] 33#33: exiting
2024/08/10 06:50:59 [notice] 29#29: exiting
2024/08/10 06:50:59 [notice] 33#33: exit
2024/08/10 06:50:59 [notice] 32#32: exiting
2024/08/10 06:50:59 [notice] 28#28: exit
2024/08/10 06:50:59 [notice] 27#27: exit
2024/08/10 06:50:59 [notice] 34#34: exit
2024/08/10 06:50:59 [notice] 31#31: exit
2024/08/10 06:50:59 [notice] 30#30: exit
2024/08/10 06:50:59 [notice] 29#29: exit
2024/08/10 06:50:59 [notice] 32#32: exit
2024/08/10 06:50:59 [notice] 1#1: signal 17 (SIGCHLD) received from 35
2024/08/10 06:50:59 [notice] 1#1: cache manager process 35 exited with code 0
2024/08/10 06:50:59 [notice] 1#1: worker process 33 exited with code 0
2024/08/10 06:50:59 [notice] 1#1: signal 29 (SIGIO) received
2024/08/10 06:50:59 [notice] 1#1: signal 17 (SIGCHLD) received from 33
2024/08/10 06:50:59 [notice] 1#1: signal 17 (SIGCHLD) received from 34
2024/08/10 06:50:59 [notice] 1#1: worker process 27 exited with code 0
2024/08/10 06:50:59 [notice] 1#1: worker process 28 exited with code 0
2024/08/10 06:50:59 [notice] 1#1: worker process 30 exited with code 0
2024/08/10 06:50:59 [notice] 1#1: worker process 31 exited with code 0
2024/08/10 06:50:59 [notice] 1#1: worker process 34 exited with code 0
2024/08/10 06:50:59 [notice] 1#1: signal 29 (SIGIO) received
2024/08/10 06:50:59 [notice] 1#1: signal 17 (SIGCHLD) received from 28
2024/08/10 06:50:59 [notice] 1#1: signal 17 (SIGCHLD) received from 32
2024/08/10 06:50:59 [notice] 1#1: worker process 29 exited with code 0
2024/08/10 06:50:59 [notice] 1#1: worker process 32 exited with code 0
2024/08/10 06:50:59 [notice] 1#1: exit
2024/08/10 06:51:03 [notice] 1#1: using the "epoll" event method
2024/08/10 06:51:03 [notice] 1#1: nginx/1.26.1
2024/08/10 06:51:03 [notice] 1#1: built by gcc 12.2.0 (Debian 12.2.0-14) 
2024/08/10 06:51:03 [notice] 1#1: OS: Linux 6.6.31-linuxkit
2024/08/10 06:51:03 [notice] 1#1: getrlimit(RLIMIT_NOFILE): 1048576:1048576
2024/08/10 06:51:03 [notice] 1#1: start worker processes
2024/08/10 06:51:03 [notice] 1#1: start worker process 28
2024/08/10 06:51:03 [notice] 1#1: start worker process 29
2024/08/10 06:51:03 [notice] 1#1: start worker process 30
2024/08/10 06:51:03 [notice] 1#1: start worker process 31
2024/08/10 06:51:03 [notice] 1#1: start worker process 32
2024/08/10 06:51:03 [notice] 1#1: start worker process 33
2024/08/10 06:51:03 [notice] 1#1: start worker process 34
2024/08/10 06:51:03 [notice] 1#1: start worker process 35
2024/08/10 06:51:03 [notice] 1#1: start cache manager process 36
2024/08/10 06:51:03 [notice] 1#1: start cache loader process 37
2024/08/10 06:52:03 [notice] 37#37: http file cache: /var/cache/nginx 0.000M, bsize: 512
2024/08/10 06:52:03 [notice] 1#1: signal 17 (SIGCHLD) received from 37
2024/08/10 06:52:03 [notice] 1#1: cache loader process 37 exited with code 0
2024/08/10 06:52:03 [notice] 1#1: signal 29 (SIGIO) received
2024/08/10 06:56:00 [notice] 1#1: signal 3 (SIGQUIT) received, shutting down
2024/08/10 06:56:00 [notice] 30#30: gracefully shutting down
2024/08/10 06:56:00 [notice] 28#28: gracefully shutting down
2024/08/10 06:56:00 [notice] 32#32: gracefully shutting down
2024/08/10 06:56:00 [notice] 36#36: exiting
2024/08/10 06:56:00 [notice] 29#29: gracefully shutting down
2024/08/10 06:56:00 [notice] 32#32: exiting
2024/08/10 06:56:00 [notice] 31#31: gracefully shutting down
2024/08/10 06:56:00 [notice] 33#33: gracefully shutting down
2024/08/10 06:56:00 [notice] 34#34: gracefully shutting down
2024/08/10 06:56:00 [notice] 35#35: gracefully shutting down
2024/08/10 06:56:00 [notice] 30#30: exiting
2024/08/10 06:56:00 [notice] 28#28: exiting
2024/08/10 06:56:00 [notice] 29#29: exiting
2024/08/10 06:56:00 [notice] 33#33: exiting
2024/08/10 06:56:00 [notice] 31#31: exiting
2024/08/10 06:56:00 [notice] 34#34: exiting
2024/08/10 06:56:00 [notice] 32#32: exit
2024/08/10 06:56:00 [notice] 30#30: exit
2024/08/10 06:56:00 [notice] 28#28: exit
2024/08/10 06:56:00 [notice] 29#29: exit
2024/08/10 06:56:00 [notice] 31#31: exit
2024/08/10 06:56:00 [notice] 35#35: exiting
2024/08/10 06:56:00 [notice] 34#34: exit
2024/08/10 06:56:00 [notice] 33#33: exit
2024/08/10 06:56:00 [notice] 35#35: exit
2024/08/10 06:56:00 [notice] 1#1: signal 17 (SIGCHLD) received from 31
2024/08/10 06:56:00 [notice] 1#1: worker process 28 exited with code 0
2024/08/10 06:56:00 [notice] 1#1: worker process 29 exited with code 0
2024/08/10 06:56:00 [notice] 1#1: worker process 30 exited with code 0
2024/08/10 06:56:00 [notice] 1#1: worker process 31 exited with code 0
2024/08/10 06:56:00 [notice] 1#1: worker process 32 exited with code 0
2024/08/10 06:56:00 [notice] 1#1: worker process 33 exited with code 0
2024/08/10 06:56:00 [notice] 1#1: cache manager process 36 exited with code 0
2024/08/10 06:56:00 [notice] 1#1: signal 29 (SIGIO) received
2024/08/10 06:56:00 [notice] 1#1: signal 17 (SIGCHLD) received from 29
2024/08/10 06:56:00 [notice] 1#1: signal 17 (SIGCHLD) received from 34
2024/08/10 06:56:00 [notice] 1#1: worker process 34 exited with code 0
2024/08/10 06:56:00 [notice] 1#1: signal 17 (SIGCHLD) received from 35
2024/08/10 06:56:00 [notice] 1#1: worker process 35 exited with code 0
2024/08/10 06:56:00 [notice] 1#1: exit
2024/08/10 06:56:25 [notice] 1#1: using the "epoll" event method
2024/08/10 06:56:25 [notice] 1#1: nginx/1.26.1
2024/08/10 06:56:25 [notice] 1#1: built by gcc 12.2.0 (Debian 12.2.0-14) 
2024/08/10 06:56:25 [notice] 1#1: OS: Linux 6.6.31-linuxkit
2024/08/10 06:56:25 [notice] 1#1: getrlimit(RLIMIT_NOFILE): 1048576:1048576
2024/08/10 06:56:25 [notice] 1#1: start worker processes
2024/08/10 06:56:25 [notice] 1#1: start worker process 28
2024/08/10 06:56:25 [notice] 1#1: start worker process 29
2024/08/10 06:56:25 [notice] 1#1: start worker process 30
2024/08/10 06:56:25 [notice] 1#1: start worker process 31
2024/08/10 06:56:25 [notice] 1#1: start worker process 32
2024/08/10 06:56:25 [notice] 1#1: start worker process 33
2024/08/10 06:56:25 [notice] 1#1: start worker process 34
2024/08/10 06:56:25 [notice] 1#1: start worker process 35
2024/08/10 06:56:25 [notice] 1#1: start cache manager process 36
2024/08/10 06:56:25 [notice] 1#1: start cache loader process 37
2024/08/10 06:57:23 [notice] 1#1: signal 3 (SIGQUIT) received, shutting down
2024/08/10 06:57:23 [notice] 29#29: gracefully shutting down
2024/08/10 06:57:23 [notice] 33#33: gracefully shutting down
2024/08/10 06:57:23 [notice] 30#30: gracefully shutting down
2024/08/10 06:57:23 [notice] 28#28: gracefully shutting down
2024/08/10 06:57:23 [notice] 32#32: gracefully shutting down
2024/08/10 06:57:23 [notice] 36#36: exiting
2024/08/10 06:57:23 [notice] 31#31: gracefully shutting down
2024/08/10 06:57:23 [notice] 35#35: gracefully shutting down
2024/08/10 06:57:23 [notice] 29#29: exiting
2024/08/10 06:57:23 [notice] 34#34: gracefully shutting down
2024/08/10 06:57:23 [notice] 33#33: exiting
2024/08/10 06:57:23 [notice] 37#37: exiting
2024/08/10 06:57:23 [notice] 30#30: exiting
2024/08/10 06:57:23 [notice] 28#28: exiting
2024/08/10 06:57:23 [notice] 32#32: exiting
2024/08/10 06:57:23 [notice] 31#31: exiting
2024/08/10 06:57:23 [notice] 31#31: exit
2024/08/10 06:57:23 [notice] 35#35: exiting
2024/08/10 06:57:23 [notice] 35#35: exit
2024/08/10 06:57:23 [notice] 29#29: exit
2024/08/10 06:57:23 [notice] 34#34: exiting
2024/08/10 06:57:23 [notice] 33#33: exit
2024/08/10 06:57:23 [notice] 30#30: exit
2024/08/10 06:57:23 [notice] 28#28: exit
2024/08/10 06:57:23 [notice] 32#32: exit
2024/08/10 06:57:23 [notice] 34#34: exit
2024/08/10 06:57:23 [notice] 1#1: signal 17 (SIGCHLD) received from 37
2024/08/10 06:57:23 [notice] 1#1: cache manager process 36 exited with code 0
2024/08/10 06:57:23 [notice] 1#1: cache loader process 37 exited with code 0
2024/08/10 06:57:23 [notice] 1#1: signal 29 (SIGIO) received
2024/08/10 06:57:23 [notice] 1#1: signal 17 (SIGCHLD) received from 30
2024/08/10 06:57:23 [notice] 1#1: worker process 29 exited with code 0
2024/08/10 06:57:23 [notice] 1#1: worker process 30 exited with code 0
2024/08/10 06:57:23 [notice] 1#1: worker process 31 exited with code 0
2024/08/10 06:57:23 [notice] 1#1: worker process 35 exited with code 0
2024/08/10 06:57:23 [notice] 1#1: signal 29 (SIGIO) received
2024/08/10 06:57:23 [notice] 1#1: signal 17 (SIGCHLD) received from 35
2024/08/10 06:57:23 [notice] 1#1: signal 17 (SIGCHLD) received from 33
2024/08/10 06:57:23 [notice] 1#1: worker process 33 exited with code 0
2024/08/10 06:57:23 [notice] 1#1: signal 29 (SIGIO) received
2024/08/10 06:57:23 [notice] 1#1: signal 17 (SIGCHLD) received from 34
2024/08/10 06:57:23 [notice] 1#1: worker process 32 exited with code 0
2024/08/10 06:57:23 [notice] 1#1: worker process 28 exited with code 0
2024/08/10 06:57:23 [notice] 1#1: worker process 34 exited with code 0
2024/08/10 06:57:23 [notice] 1#1: exit
2024/08/10 06:57:53 [notice] 1#1: using the "epoll" event method
2024/08/10 06:57:53 [notice] 1#1: nginx/1.26.1
2024/08/10 06:57:53 [notice] 1#1: built by gcc 12.2.0 (Debian 12.2.0-14) 
2024/08/10 06:57:53 [notice] 1#1: OS: Linux 6.6.31-linuxkit
2024/08/10 06:57:53 [notice] 1#1: getrlimit(RLIMIT_NOFILE): 1048576:1048576
2024/08/10 06:57:53 [notice] 1#1: start worker processes
2024/08/10 06:57:53 [notice] 1#1: start worker process 27
2024/08/10 06:57:53 [notice] 1#1: start worker process 28
2024/08/10 06:57:53 [notice] 1#1: start worker process 29
2024/08/10 06:57:53 [notice] 1#1: start worker process 30
2024/08/10 06:57:53 [notice] 1#1: start worker process 31
2024/08/10 06:57:53 [notice] 1#1: start worker process 32
2024/08/10 06:57:53 [notice] 1#1: start worker process 33
2024/08/10 06:57:53 [notice] 1#1: start worker process 34
2024/08/10 06:57:53 [notice] 1#1: start cache manager process 35
2024/08/10 06:57:53 [notice] 1#1: start cache loader process 36
2024/08/10 06:58:53 [notice] 36#36: http file cache: /var/cache/nginx 0.000M, bsize: 512
2024/08/10 06:58:53 [notice] 1#1: signal 17 (SIGCHLD) received from 36
2024/08/10 06:58:53 [notice] 1#1: cache loader process 36 exited with code 0
2024/08/10 06:58:53 [notice] 1#1: signal 29 (SIGIO) received
2024/08/10 07:03:00 [notice] 1#1: signal 3 (SIGQUIT) received, shutting down
2024/08/10 07:03:00 [notice] 30#30: gracefully shutting down
2024/08/10 07:03:00 [notice] 27#27: gracefully shutting down
2024/08/10 07:03:00 [notice] 28#28: gracefully shutting down
2024/08/10 07:03:00 [notice] 29#29: gracefully shutting down
2024/08/10 07:03:00 [notice] 32#32: gracefully shutting down
2024/08/10 07:03:00 [notice] 35#35: exiting
2024/08/10 07:03:00 [notice] 33#33: gracefully shutting down
2024/08/10 07:03:00 [notice] 34#34: gracefully shutting down
2024/08/10 07:03:00 [notice] 31#31: gracefully shutting down
2024/08/10 07:03:00 [notice] 30#30: exiting
2024/08/10 07:03:00 [notice] 27#27: exiting
2024/08/10 07:03:00 [notice] 28#28: exiting
2024/08/10 07:03:00 [notice] 29#29: exiting
2024/08/10 07:03:00 [notice] 32#32: exiting
2024/08/10 07:03:00 [notice] 33#33: exiting
2024/08/10 07:03:00 [notice] 34#34: exiting
2024/08/10 07:03:00 [notice] 31#31: exiting
2024/08/10 07:03:00 [notice] 34#34: exit
2024/08/10 07:03:00 [notice] 27#27: exit
2024/08/10 07:03:00 [notice] 30#30: exit
2024/08/10 07:03:00 [notice] 28#28: exit
2024/08/10 07:03:00 [notice] 29#29: exit
2024/08/10 07:03:00 [notice] 32#32: exit
2024/08/10 07:03:00 [notice] 33#33: exit
2024/08/10 07:03:00 [notice] 31#31: exit
2024/08/10 07:03:00 [notice] 1#1: signal 17 (SIGCHLD) received from 35
2024/08/10 07:03:00 [notice] 1#1: cache manager process 35 exited with code 0
2024/08/10 07:03:00 [notice] 1#1: signal 29 (SIGIO) received
2024/08/10 07:03:00 [notice] 1#1: signal 17 (SIGCHLD) received from 29
2024/08/10 07:03:00 [notice] 1#1: worker process 28 exited with code 0
2024/08/10 07:03:00 [notice] 1#1: worker process 29 exited with code 0
2024/08/10 07:03:00 [notice] 1#1: worker process 33 exited with code 0
2024/08/10 07:03:00 [notice] 1#1: signal 29 (SIGIO) received
2024/08/10 07:03:00 [notice] 1#1: signal 17 (SIGCHLD) received from 33
2024/08/10 07:03:00 [notice] 1#1: signal 17 (SIGCHLD) received from 31
2024/08/10 07:03:00 [notice] 1#1: worker process 31 exited with code 0
2024/08/10 07:03:00 [notice] 1#1: worker process 32 exited with code 0
2024/08/10 07:03:00 [notice] 1#1: signal 29 (SIGIO) received
2024/08/10 07:03:00 [notice] 1#1: signal 17 (SIGCHLD) received from 32
2024/08/10 07:03:00 [notice] 1#1: worker process 34 exited with code 0
2024/08/10 07:03:00 [notice] 1#1: signal 29 (SIGIO) received
2024/08/10 07:03:00 [notice] 1#1: signal 17 (SIGCHLD) received from 34
2024/08/10 07:03:00 [notice] 1#1: worker process 27 exited with code 0
2024/08/10 07:03:00 [notice] 1#1: worker process 30 exited with code 0
2024/08/10 07:03:00 [notice] 1#1: exit
2024/08/10 07:03:05 [notice] 1#1: using the "epoll" event method
2024/08/10 07:03:05 [notice] 1#1: nginx/1.26.1
2024/08/10 07:03:05 [notice] 1#1: built by gcc 12.2.0 (Debian 12.2.0-14) 
2024/08/10 07:03:05 [notice] 1#1: OS: Linux 6.6.31-linuxkit
2024/08/10 07:03:05 [notice] 1#1: getrlimit(RLIMIT_NOFILE): 1048576:1048576
2024/08/10 07:03:05 [notice] 1#1: start worker processes
2024/08/10 07:03:05 [notice] 1#1: start worker process 27
2024/08/10 07:03:05 [notice] 1#1: start worker process 28
2024/08/10 07:03:05 [notice] 1#1: start worker process 29
2024/08/10 07:03:05 [notice] 1#1: start worker process 30
2024/08/10 07:03:05 [notice] 1#1: start worker process 31
2024/08/10 07:03:05 [notice] 1#1: start worker process 32
2024/08/10 07:03:05 [notice] 1#1: start worker process 33
2024/08/10 07:03:05 [notice] 1#1: start worker process 34
2024/08/10 07:03:05 [notice] 1#1: start cache manager process 35
2024/08/10 07:03:05 [notice] 1#1: start cache loader process 36
2024/08/10 07:04:05 [notice] 36#36: http file cache: /var/cache/nginx 0.000M, bsize: 512
2024/08/10 07:04:05 [notice] 1#1: signal 17 (SIGCHLD) received from 36
2024/08/10 07:04:05 [notice] 1#1: cache loader process 36 exited with code 0
2024/08/10 07:04:05 [notice] 1#1: signal 29 (SIGIO) received
2024/08/10 07:08:05 [notice] 1#1: signal 3 (SIGQUIT) received, shutting down
2024/08/10 07:08:05 [notice] 29#29: gracefully shutting down
2024/08/10 07:08:05 [notice] 30#30: gracefully shutting down
2024/08/10 07:08:05 [notice] 27#27: gracefully shutting down
2024/08/10 07:08:05 [notice] 30#30: exiting
2024/08/10 07:08:05 [notice] 31#31: gracefully shutting down
2024/08/10 07:08:05 [notice] 32#32: gracefully shutting down
2024/08/10 07:08:05 [notice] 31#31: exiting
2024/08/10 07:08:05 [notice] 28#28: gracefully shutting down
2024/08/10 07:08:05 [notice] 35#35: exiting
2024/08/10 07:08:05 [notice] 33#33: gracefully shutting down
2024/08/10 07:08:05 [notice] 28#28: exiting
2024/08/10 07:08:05 [notice] 34#34: gracefully shutting down
2024/08/10 07:08:05 [notice] 29#29: exiting
2024/08/10 07:08:05 [notice] 27#27: exiting
2024/08/10 07:08:05 [notice] 30#30: exit
2024/08/10 07:08:05 [notice] 29#29: exit
2024/08/10 07:08:05 [notice] 32#32: exiting
2024/08/10 07:08:05 [notice] 31#31: exit
2024/08/10 07:08:05 [notice] 33#33: exiting
2024/08/10 07:08:05 [notice] 28#28: exit
2024/08/10 07:08:05 [notice] 34#34: exiting
2024/08/10 07:08:05 [notice] 27#27: exit
2024/08/10 07:08:05 [notice] 32#32: exit
2024/08/10 07:08:05 [notice] 33#33: exit
2024/08/10 07:08:05 [notice] 34#34: exit
2024/08/10 07:08:05 [notice] 1#1: signal 17 (SIGCHLD) received from 35
2024/08/10 07:08:05 [notice] 1#1: worker process 31 exited with code 0
2024/08/10 07:08:05 [notice] 1#1: cache manager process 35 exited with code 0
2024/08/10 07:08:05 [notice] 1#1: signal 29 (SIGIO) received
2024/08/10 07:08:05 [notice] 1#1: signal 17 (SIGCHLD) received from 31
2024/08/10 07:08:05 [notice] 1#1: worker process 30 exited with code 0
2024/08/10 07:08:05 [notice] 1#1: signal 29 (SIGIO) received
2024/08/10 07:08:05 [notice] 1#1: signal 17 (SIGCHLD) received from 29
2024/08/10 07:08:05 [notice] 1#1: worker process 27 exited with code 0
2024/08/10 07:08:05 [notice] 1#1: worker process 29 exited with code 0
2024/08/10 07:08:05 [notice] 1#1: worker process 32 exited with code 0
2024/08/10 07:08:05 [notice] 1#1: worker process 28 exited with code 0
2024/08/10 07:08:05 [notice] 1#1: signal 29 (SIGIO) received
2024/08/10 07:08:05 [notice] 1#1: signal 17 (SIGCHLD) received from 32
2024/08/10 07:08:05 [notice] 1#1: signal 17 (SIGCHLD) received from 33
2024/08/10 07:08:05 [notice] 1#1: worker process 33 exited with code 0
2024/08/10 07:08:05 [notice] 1#1: signal 29 (SIGIO) received
2024/08/10 07:08:05 [notice] 1#1: signal 17 (SIGCHLD) received from 34
2024/08/10 07:08:05 [notice] 1#1: worker process 34 exited with code 0
2024/08/10 07:08:05 [notice] 1#1: exit
2024/08/10 07:08:10 [notice] 1#1: using the "epoll" event method
2024/08/10 07:08:10 [notice] 1#1: nginx/1.26.1
2024/08/10 07:08:10 [notice] 1#1: built by gcc 12.2.0 (Debian 12.2.0-14) 
2024/08/10 07:08:10 [notice] 1#1: OS: Linux 6.6.31-linuxkit
2024/08/10 07:08:10 [notice] 1#1: getrlimit(RLIMIT_NOFILE): 1048576:1048576
2024/08/10 07:08:10 [notice] 1#1: start worker processes
2024/08/10 07:08:10 [notice] 1#1: start worker process 28
2024/08/10 07:08:10 [notice] 1#1: start worker process 29
2024/08/10 07:08:10 [notice] 1#1: start worker process 30
2024/08/10 07:08:10 [notice] 1#1: start worker process 31
2024/08/10 07:08:10 [notice] 1#1: start worker process 32
2024/08/10 07:08:10 [notice] 1#1: start worker process 33
2024/08/10 07:08:10 [notice] 1#1: start worker process 34
2024/08/10 07:08:10 [notice] 1#1: start worker process 35
2024/08/10 07:08:10 [notice] 1#1: start cache manager process 36
2024/08/10 07:08:10 [notice] 1#1: start cache loader process 37
2024/08/10 07:09:10 [notice] 37#37: http file cache: /var/cache/nginx 0.000M, bsize: 512
2024/08/10 07:09:10 [notice] 1#1: signal 17 (SIGCHLD) received from 37
2024/08/10 07:09:10 [notice] 1#1: cache loader process 37 exited with code 0
2024/08/10 07:09:10 [notice] 1#1: signal 29 (SIGIO) received
2024/08/10 07:12:31 [notice] 1#1: signal 3 (SIGQUIT) received, shutting down
2024/08/10 07:12:31 [notice] 29#29: gracefully shutting down
2024/08/10 07:12:31 [notice] 30#30: gracefully shutting down
2024/08/10 07:12:31 [notice] 28#28: gracefully shutting down
2024/08/10 07:12:31 [notice] 32#32: gracefully shutting down
2024/08/10 07:12:31 [notice] 36#36: exiting
2024/08/10 07:12:31 [notice] 31#31: gracefully shutting down
2024/08/10 07:12:31 [notice] 35#35: gracefully shutting down
2024/08/10 07:12:31 [notice] 33#33: gracefully shutting down
2024/08/10 07:12:31 [notice] 34#34: gracefully shutting down
2024/08/10 07:12:31 [notice] 29#29: exiting
2024/08/10 07:12:31 [notice] 30#30: exiting
2024/08/10 07:12:31 [notice] 28#28: exiting
2024/08/10 07:12:31 [notice] 32#32: exiting
2024/08/10 07:12:31 [notice] 31#31: exiting
2024/08/10 07:12:31 [notice] 30#30: exit
2024/08/10 07:12:31 [notice] 35#35: exiting
2024/08/10 07:12:31 [notice] 33#33: exiting
2024/08/10 07:12:31 [notice] 34#34: exiting
2024/08/10 07:12:31 [notice] 28#28: exit
2024/08/10 07:12:31 [notice] 32#32: exit
2024/08/10 07:12:31 [notice] 29#29: exit
2024/08/10 07:12:31 [notice] 31#31: exit
2024/08/10 07:12:31 [notice] 35#35: exit
2024/08/10 07:12:31 [notice] 33#33: exit
2024/08/10 07:12:31 [notice] 34#34: exit
2024/08/10 07:12:31 [notice] 1#1: signal 17 (SIGCHLD) received from 36
2024/08/10 07:12:31 [notice] 1#1: worker process 29 exited with code 0
2024/08/10 07:12:31 [notice] 1#1: worker process 30 exited with code 0
2024/08/10 07:12:31 [notice] 1#1: worker process 31 exited with code 0
2024/08/10 07:12:31 [notice] 1#1: cache manager process 36 exited with code 0
2024/08/10 07:12:31 [notice] 1#1: signal 29 (SIGIO) received
2024/08/10 07:12:31 [notice] 1#1: signal 17 (SIGCHLD) received from 30
2024/08/10 07:12:31 [notice] 1#1: signal 17 (SIGCHLD) received from 35
2024/08/10 07:12:31 [notice] 1#1: worker process 28 exited with code 0
2024/08/10 07:12:31 [notice] 1#1: worker process 32 exited with code 0
2024/08/10 07:12:31 [notice] 1#1: worker process 34 exited with code 0
2024/08/10 07:12:31 [notice] 1#1: worker process 35 exited with code 0
2024/08/10 07:12:31 [notice] 1#1: signal 29 (SIGIO) received
2024/08/10 07:12:31 [notice] 1#1: signal 17 (SIGCHLD) received from 28
2024/08/10 07:12:31 [notice] 1#1: signal 17 (SIGCHLD) received from 33
2024/08/10 07:12:31 [notice] 1#1: worker process 33 exited with code 0
2024/08/10 07:12:31 [notice] 1#1: exit
2024/08/10 07:12:35 [notice] 1#1: using the "epoll" event method
2024/08/10 07:12:35 [notice] 1#1: nginx/1.26.1
2024/08/10 07:12:35 [notice] 1#1: built by gcc 12.2.0 (Debian 12.2.0-14) 
2024/08/10 07:12:35 [notice] 1#1: OS: Linux 6.6.31-linuxkit
2024/08/10 07:12:35 [notice] 1#1: getrlimit(RLIMIT_NOFILE): 1048576:1048576
2024/08/10 07:12:35 [notice] 1#1: start worker processes
2024/08/10 07:12:35 [notice] 1#1: start worker process 27
2024/08/10 07:12:35 [notice] 1#1: start worker process 28
2024/08/10 07:12:35 [notice] 1#1: start worker process 29
2024/08/10 07:12:35 [notice] 1#1: start worker process 30
2024/08/10 07:12:35 [notice] 1#1: start worker process 31
2024/08/10 07:12:35 [notice] 1#1: start worker process 32
2024/08/10 07:12:35 [notice] 1#1: start worker process 33
2024/08/10 07:12:35 [notice] 1#1: start worker process 34
2024/08/10 07:12:35 [notice] 1#1: start cache manager process 35
2024/08/10 07:12:35 [notice] 1#1: start cache loader process 36
2024/08/10 07:13:35 [notice] 36#36: http file cache: /var/cache/nginx 0.000M, bsize: 512
2024/08/10 07:13:35 [notice] 1#1: signal 17 (SIGCHLD) received from 36
2024/08/10 07:13:35 [notice] 1#1: cache loader process 36 exited with code 0
2024/08/10 07:13:35 [notice] 1#1: signal 29 (SIGIO) received
2024/08/10 07:18:59 [notice] 1#1: signal 3 (SIGQUIT) received, shutting down
2024/08/10 07:18:59 [notice] 28#28: gracefully shutting down
2024/08/10 07:18:59 [notice] 34#34: gracefully shutting down
2024/08/10 07:18:59 [notice] 29#29: gracefully shutting down
2024/08/10 07:18:59 [notice] 35#35: exiting
2024/08/10 07:18:59 [notice] 33#33: gracefully shutting down
2024/08/10 07:18:59 [notice] 31#31: gracefully shutting down
2024/08/10 07:18:59 [notice] 27#27: gracefully shutting down
2024/08/10 07:18:59 [notice] 32#32: gracefully shutting down
2024/08/10 07:18:59 [notice] 30#30: gracefully shutting down
2024/08/10 07:18:59 [notice] 28#28: exiting
2024/08/10 07:18:59 [notice] 34#34: exiting
2024/08/10 07:18:59 [notice] 29#29: exiting
2024/08/10 07:18:59 [notice] 33#33: exiting
2024/08/10 07:18:59 [notice] 31#31: exiting
2024/08/10 07:18:59 [notice] 27#27: exiting
2024/08/10 07:18:59 [notice] 32#32: exiting
2024/08/10 07:18:59 [notice] 30#30: exiting
2024/08/10 07:18:59 [notice] 28#28: exit
2024/08/10 07:18:59 [notice] 34#34: exit
2024/08/10 07:18:59 [notice] 29#29: exit
2024/08/10 07:18:59 [notice] 33#33: exit
2024/08/10 07:18:59 [notice] 31#31: exit
2024/08/10 07:18:59 [notice] 27#27: exit
2024/08/10 07:18:59 [notice] 32#32: exit
2024/08/10 07:18:59 [notice] 30#30: exit
2024/08/10 07:18:59 [notice] 1#1: signal 17 (SIGCHLD) received from 35
2024/08/10 07:18:59 [notice] 1#1: worker process 33 exited with code 0
2024/08/10 07:18:59 [notice] 1#1: cache manager process 35 exited with code 0
2024/08/10 07:18:59 [notice] 1#1: signal 29 (SIGIO) received
2024/08/10 07:18:59 [notice] 1#1: signal 17 (SIGCHLD) received from 33
2024/08/10 07:18:59 [notice] 1#1: signal 17 (SIGCHLD) received from 32
2024/08/10 07:18:59 [notice] 1#1: worker process 27 exited with code 0
2024/08/10 07:18:59 [notice] 1#1: worker process 28 exited with code 0
2024/08/10 07:18:59 [notice] 1#1: worker process 29 exited with code 0
2024/08/10 07:18:59 [notice] 1#1: worker process 30 exited with code 0
2024/08/10 07:18:59 [notice] 1#1: worker process 31 exited with code 0
2024/08/10 07:18:59 [notice] 1#1: worker process 32 exited with code 0
2024/08/10 07:18:59 [notice] 1#1: worker process 34 exited with code 0
2024/08/10 07:18:59 [notice] 1#1: exit
2024/08/10 07:19:02 [notice] 1#1: using the "epoll" event method
2024/08/10 07:19:02 [notice] 1#1: nginx/1.26.1
2024/08/10 07:19:02 [notice] 1#1: built by gcc 12.2.0 (Debian 12.2.0-14) 
2024/08/10 07:19:02 [notice] 1#1: OS: Linux 6.6.31-linuxkit
2024/08/10 07:19:02 [notice] 1#1: getrlimit(RLIMIT_NOFILE): 1048576:1048576
2024/08/10 07:19:02 [notice] 1#1: start worker processes
2024/08/10 07:19:02 [notice] 1#1: start worker process 28
2024/08/10 07:19:02 [notice] 1#1: start worker process 29
2024/08/10 07:19:02 [notice] 1#1: start worker process 30
2024/08/10 07:19:02 [notice] 1#1: start worker process 31
2024/08/10 07:19:02 [notice] 1#1: start worker process 32
2024/08/10 07:19:02 [notice] 1#1: start worker process 33
2024/08/10 07:19:02 [notice] 1#1: start worker process 34
2024/08/10 07:19:02 [notice] 1#1: start worker process 35
2024/08/10 07:19:02 [notice] 1#1: start cache manager process 36
2024/08/10 07:19:02 [notice] 1#1: start cache loader process 37
2024/08/10 07:20:03 [notice] 37#37: http file cache: /var/cache/nginx 0.000M, bsize: 512
2024/08/10 07:20:03 [notice] 1#1: signal 17 (SIGCHLD) received from 37
2024/08/10 07:20:03 [notice] 1#1: cache loader process 37 exited with code 0
2024/08/10 07:20:03 [notice] 1#1: signal 29 (SIGIO) received
2024/08/10 07:37:24 [error] 34#34: *304 client intended to send too large body: 1185691 bytes, client: 192.168.65.1, server: domain.com, request: "POST /index.php?rest_route=%2Fwp%2Fv2%2Fmedia&_locale=user HTTP/1.1", host: "localhost:8080", referrer: "http://localhost:8080/wp-admin/post.php?post=7&action=edit"
2024/08/10 07:39:19 [error] 35#35: *357 client intended to send too large body: 1185937 bytes, client: 192.168.65.1, server: domain.com, request: "POST /wp-admin/async-upload.php HTTP/1.1", host: "localhost:8080", referrer: "http://localhost:8080/wp-admin/upload.php"
2024/08/10 07:39:35 [error] 35#35: *360 client intended to send too large body: 1773624 bytes, client: 192.168.65.1, server: domain.com, request: "POST /wp-admin/async-upload.php HTTP/1.1", host: "localhost:8080", referrer: "http://localhost:8080/wp-admin/upload.php"
